#
# A fatal error has been detected by the Java Runtime Environment:
#
#  EXCEPTION_UNCAUGHT_CXX_EXCEPTION (0xe06d7363) at pc=0x00007ffa69e94008, pid=9236, tid=0x0000000000001ae0
#
# JRE version: Java(TM) SE Runtime Environment (8.0_161-b12) (build 1.8.0_161-b12)
# Java VM: Java HotSpot(TM) 64-Bit Server VM (25.161-b12 mixed mode windows-amd64 compressed oops)
# Problematic frame:
# C  [KERNELBASE.dll+0x14008]
#
# Failed to write core dump. Minidumps are not enabled by default on client versions of Windows
#
# If you would like to submit a bug report, please visit:
#   http://bugreport.java.com/bugreport/crash.jsp
# The crash happened outside the Java Virtual Machine in native code.
# See problematic frame for where to report the bug.
#

---------------  T H R E A D  ---------------

Current thread (0x000000001ff94000):  JavaThread "JDWP Transport Listener: dt_shmem" daemon [_thread_in_native, id=6880, stack(0x0000000020750000,0x0000000020850000)]

siginfo: ExceptionCode=0xe06d7363, ExceptionInformation=0x0000000019930520 0x000000002084f100 0x0000000180060840 0x0000000180000000 

Registers:
RAX=0x0000000000000005, RBX=0x0000000180060840, RCX=0x0000000000000005, RDX=0x0000000000000000
RSP=0x000000002084ef90, RBP=0x000000002084f0d0, RSI=0x0000000000000001, RDI=0x000000002084f100
R8 =0x0000000000000000, R9 =0x0000000000000000, R10=0x0000000002857be8, R11=0x0000000002850150
R12=0x0000000002885e08, R13=0x0000000002885dc0, R14=0x0000000002885df0, R15=0x0000000000000000
RIP=0x00007ffa69e94008, EFLAGS=0x0000000000000202

Top of Stack: (sp=0x000000002084ef90)
0x000000002084ef90:   0000000000000000 0000000180060840
0x000000002084efa0:   0000000000000001 000000002084f100
0x000000002084efb0:   00000001e06d7363 0000000000000000
0x000000002084efc0:   00007ffa69e94008 0000000000000004
0x000000002084efd0:   0000000019930520 000000002084f100
0x000000002084efe0:   0000000180060840 0000000180000000
0x000000002084eff0:   0000000002885e08 000000002084f100
0x000000002084f000:   0000000000000001 000000002084f0e0
0x000000002084f010:   000000002084f0d0 00007ffa6da8c66f
0x000000002084f020:   0000000002885dc0 00007ffa00000000
0x000000002084f030:   0000000000000001 0000000000000000
0x000000002084f040:   0000000180077000 0000000180000000
0x000000002084f050:   0000e8ddcd421954 000094d50cbd0611
0x000000002084f060:   0000000180060840 00007ffa4d30ef63
0x000000002084f070:   0000000002885dc0 0000000002885e08
0x000000002084f080:   000000002084f0e8 0000000000000001 

Instructions: (pc=0x00007ffa69e94008)
0x00007ffa69e93fe8:   49 8b d1 44 0f 47 c0 44 89 44 24 38 49 c1 e0 03
0x00007ffa69e93ff8:   e8 ca 16 07 00 48 8d 4c 24 20 ff 15 e8 4a 16 00
0x00007ffa69e94008:   48 8b 8c 24 c0 00 00 00 48 33 cc e8 a8 e6 06 00
0x00007ffa69e94018:   48 81 c4 d8 00 00 00 c3 83 64 24 38 00 eb d6 cc 


Register to memory mapping:

RAX=0x0000000000000005 is an unknown value
RBX=0x0000000180060840 is an unknown value
RCX=0x0000000000000005 is an unknown value
RDX=0x0000000000000000 is an unknown value
RSP=0x000000002084ef90 is pointing into the stack for thread: 0x000000001ff94000
RBP=0x000000002084f0d0 is pointing into the stack for thread: 0x000000001ff94000
RSI=0x0000000000000001 is an unknown value
RDI=0x000000002084f100 is pointing into the stack for thread: 0x000000001ff94000
R8 =0x0000000000000000 is an unknown value
R9 =0x0000000000000000 is an unknown value
R10=0x0000000002857be8 is an unknown value
R11=0x0000000002850150 is an unknown value
R12=0x0000000002885e08 is an unknown value
R13=0x0000000002885dc0 is an unknown value
R14=0x0000000002885df0 is an unknown value
R15=0x0000000000000000 is an unknown value


Stack: [0x0000000020750000,0x0000000020850000],  sp=0x000000002084ef90,  free space=1019k
Native frames: (J=compiled Java code, j=interpreted, Vv=VM code, C=native code)
C  [KERNELBASE.dll+0x14008]
C  [MSVCR120.dll+0x5ef63]
C  [pteidlibj.dll+0x38b14]
C  [pteidlibj.dll+0x22be4]
C  [pteidlibj.dll+0x22e66]
C  [ntdll.dll+0x11493]
C  [ntdll.dll+0x406b5]
C  [ntdll.dll+0x40574]
C  [KERNEL32.DLL+0xf06a]
C  [msvcr100.dll+0x20ccd]
C  [jdwp.dll+0xc8b9]
C  [jdwp.dll+0xa2ea]
C  [jdwp.dll+0xf168]
C  [jdwp.dll+0x1f5b9]
C  [jdwp.dll+0x1f78e]
V  [jvm.dll+0x1bd7da]
V  [jvm.dll+0x24533f]
V  [jvm.dll+0x29cc4a]
C  [msvcr100.dll+0x21d9f]
C  [msvcr100.dll+0x21e3b]
C  [KERNEL32.DLL+0x11fe4]
C  [ntdll.dll+0x6efc1]


---------------  P R O C E S S  ---------------

Java Threads: ( => current thread )
  0x0000000020055800 JavaThread "Service Thread" daemon [_thread_blocked, id=2456, stack(0x0000000020e50000,0x0000000020f50000)]
  0x000000001ffbd800 JavaThread "C1 CompilerThread3" daemon [_thread_blocked, id=9584, stack(0x0000000020d50000,0x0000000020e50000)]
  0x000000001ffbb000 JavaThread "C2 CompilerThread2" daemon [_thread_blocked, id=8248, stack(0x0000000020c50000,0x0000000020d50000)]
  0x000000001ffba000 JavaThread "C2 CompilerThread1" daemon [_thread_blocked, id=3988, stack(0x0000000020b50000,0x0000000020c50000)]
  0x000000001ffb0000 JavaThread "C2 CompilerThread0" daemon [_thread_blocked, id=8796, stack(0x0000000020a50000,0x0000000020b50000)]
  0x000000001ff9e000 JavaThread "JDWP Event Helper Thread" daemon [_thread_blocked, id=9196, stack(0x0000000020850000,0x0000000020950000)]
=>0x000000001ff94000 JavaThread "JDWP Transport Listener: dt_shmem" daemon [_thread_in_native, id=6880, stack(0x0000000020750000,0x0000000020850000)]
  0x000000001ff8b000 JavaThread "Attach Listener" daemon [_thread_blocked, id=9936, stack(0x0000000020650000,0x0000000020750000)]
  0x000000001ff8a000 JavaThread "Signal Dispatcher" daemon [_thread_blocked, id=5476, stack(0x0000000020550000,0x0000000020650000)]
  0x000000001ff81800 JavaThread "Finalizer" daemon [_thread_blocked, id=1796, stack(0x0000000020360000,0x0000000020460000)]
  0x0000000004838800 JavaThread "Reference Handler" daemon [_thread_blocked, id=7720, stack(0x000000001fe60000,0x000000001ff60000)]
  0x0000000004742800 JavaThread "main" [_thread_blocked, id=5236, stack(0x00000000045e0000,0x00000000046e0000)]

Other Threads:
  0x000000001e07a000 VMThread [stack: 0x000000001fd60000,0x000000001fe60000] [id=8680]
  0x0000000020058000 WatcherThread [stack: 0x0000000020f50000,0x0000000021050000] [id=8208]

VM state:not at safepoint (normal execution)

VM Mutex/Monitor currently owned by a thread: None

Heap:
 PSYoungGen      total 75264K, used 5630K [0x000000076c500000, 0x0000000771900000, 0x00000007c0000000)
  eden space 64512K, 8% used [0x000000076c500000,0x000000076ca7fad8,0x0000000770400000)
  from space 10752K, 0% used [0x0000000770e80000,0x0000000770e80000,0x0000000771900000)
  to   space 10752K, 0% used [0x0000000770400000,0x0000000770400000,0x0000000770e80000)
 ParOldGen       total 172032K, used 0K [0x00000006c4e00000, 0x00000006cf600000, 0x000000076c500000)
  object space 172032K, 0% used [0x00000006c4e00000,0x00000006c4e00000,0x00000006cf600000)
 Metaspace       used 4188K, capacity 4824K, committed 5120K, reserved 1056768K
  class space    used 433K, capacity 464K, committed 512K, reserved 1048576K

Card table byte_map: [0x0000000013c00000,0x00000000143e0000] byte_map_base: 0x00000000105d9000

Marking Bits: (ParMarkBitMap*) 0x000000006a2cf860
 Begin Bits: [0x0000000015120000, 0x0000000018fe8000)
 End Bits:   [0x0000000018fe8000, 0x000000001ceb0000)

Polling page: 0x0000000002da0000

CodeCache: size=245760Kb used=1207Kb max_used=1207Kb free=244552Kb
 bounds [0x0000000004840000, 0x0000000004ab0000, 0x0000000013840000]
 total_blobs=335 nmethods=57 adapters=199
 compilation: enabled

Compilation events (10 events):
Event: 2.723 Thread 0x000000001ffbd800   53       3       java.lang.Character::toLowerCase (6 bytes)
Event: 2.724 Thread 0x000000001ffbd800 nmethod 53 0x0000000004963fd0 code [0x0000000004964140, 0x00000000049643d8]
Event: 2.731 Thread 0x000000001ffbd800   54       1       java.net.URL::getPath (5 bytes)
Event: 2.732 Thread 0x000000001ffbd800 nmethod 54 0x0000000004964d90 code [0x0000000004964ee0, 0x0000000004964ff0]
Event: 2.732 Thread 0x000000001ffbd800   55       1       java.net.URL::getAuthority (5 bytes)
Event: 2.732 Thread 0x000000001ffbd800 nmethod 55 0x0000000004965050 code [0x00000000049651a0, 0x00000000049652b0]
Event: 70.533 Thread 0x000000001ffbd800   57  s!   3       sun.misc.URLClassPath::getLoader (243 bytes)
Event: 70.536 Thread 0x000000001ffbd800 nmethod 57 0x0000000004968210 code [0x0000000004968660, 0x000000000496b3f8]
Event: 70.536 Thread 0x000000001ffbd800   56  s    3       sun.misc.URLClassPath::getNextLoader (88 bytes)
Event: 70.537 Thread 0x000000001ffbd800 nmethod 56 0x000000000496d110 code [0x000000000496d300, 0x000000000496dba8]

GC Heap History (0 events):
No events

Deoptimization events (1 events):
Event: 0.881 Thread 0x0000000004742800 Uncommon trap: reason=unstable_if action=reinterpret pc=0x0000000004958fd0 method=java.lang.String.equals(Ljava/lang/Object;)Z @ 2

Classes redefined (0 events):
No events

Internal exceptions (2 events):
Event: 0.209 Thread 0x0000000004742800 Exception <a 'java/lang/NoSuchMethodError': Method sun.misc.Unsafe.defineClass(Ljava/lang/String;[BII)Ljava/lang/Class; name or signature does not match> (0x000000076c507ca0) thrown at [C:\re\workspace\8-2-build-windows-amd64-cygwin\jdk8u161\10277\hotspot
Event: 0.210 Thread 0x0000000004742800 Exception <a 'java/lang/NoSuchMethodError': Method sun.misc.Unsafe.prefetchRead(Ljava/lang/Object;J)V name or signature does not match> (0x000000076c507f88) thrown at [C:\re\workspace\8-2-build-windows-amd64-cygwin\jdk8u161\10277\hotspot\src\share\vm\prim

Events (10 events):
Event: 65.961 Executing VM operation: GetOrSetLocal done
Event: 65.961 Executing VM operation: GetOrSetLocal
Event: 65.961 Executing VM operation: GetOrSetLocal done
Event: 70.532 loading class trustedCertsSet
Event: 70.532 loading class trustedCertsSet done
Event: 70.538 Executing VM operation: GetCurrentContendedMonitor
Event: 70.538 Executing VM operation: GetCurrentContendedMonitor done
Event: 70.538 Executing VM operation: GetOwnedMonitorInfo
Event: 70.538 Executing VM operation: GetOwnedMonitorInfo done
Event: 73.650 Thread 0x000000001ffa1000 Thread exited: 0x000000001ffa1000


Dynamic libraries:
0x00007ff610d50000 - 0x00007ff610d87000 	C:\Program Files\Java\jdk1.8.0_161\bin\java.exe
0x00007ffa6da10000 - 0x00007ffa6dbf0000 	C:\WINDOWS\SYSTEM32\ntdll.dll
0x00007ffa6b700000 - 0x00007ffa6b7ae000 	C:\WINDOWS\System32\KERNEL32.DLL
0x00007ffa69e80000 - 0x00007ffa6a0e6000 	C:\WINDOWS\System32\KERNELBASE.dll
0x00007ffa6d560000 - 0x00007ffa6d601000 	C:\WINDOWS\System32\ADVAPI32.dll
0x00007ffa6b120000 - 0x00007ffa6b1bd000 	C:\WINDOWS\System32\msvcrt.dll
0x00007ffa6b9a0000 - 0x00007ffa6b9fb000 	C:\WINDOWS\System32\sechost.dll
0x00007ffa6d670000 - 0x00007ffa6d78f000 	C:\WINDOWS\System32\RPCRT4.dll
0x00007ffa6cf70000 - 0x00007ffa6d0ff000 	C:\WINDOWS\System32\USER32.dll
0x00007ffa69e10000 - 0x00007ffa69e30000 	C:\WINDOWS\System32\win32u.dll
0x00007ffa6b7b0000 - 0x00007ffa6b7d8000 	C:\WINDOWS\System32\GDI32.dll
0x00007ffa6ad40000 - 0x00007ffa6aed3000 	C:\WINDOWS\System32\gdi32full.dll
0x00007ffa6aca0000 - 0x00007ffa6ad3b000 	C:\WINDOWS\System32\msvcp_win.dll
0x00007ffa6a450000 - 0x00007ffa6a546000 	C:\WINDOWS\System32\ucrtbase.dll
0x00007ffa56160000 - 0x00007ffa563c9000 	C:\WINDOWS\WinSxS\amd64_microsoft.windows.common-controls_6595b64144ccf1df_6.0.16299.248_none_15ced204935f55d7\COMCTL32.dll
0x00007ffa6b1c0000 - 0x00007ffa6b4c8000 	C:\WINDOWS\System32\combase.dll
0x00007ffa6a150000 - 0x00007ffa6a1c2000 	C:\WINDOWS\System32\bcryptPrimitives.dll
0x00007ffa6b5d0000 - 0x00007ffa6b5fd000 	C:\WINDOWS\System32\IMM32.DLL
0x00000000699d0000 - 0x0000000069aa2000 	C:\Program Files\Java\jdk1.8.0_161\jre\bin\msvcr100.dll
0x0000000069ab0000 - 0x000000006a34f000 	C:\Program Files\Java\jdk1.8.0_161\jre\bin\server\jvm.dll
0x00007ffa6bb20000 - 0x00007ffa6bb28000 	C:\WINDOWS\System32\PSAPI.DLL
0x00007ffa603f0000 - 0x00007ffa603f9000 	C:\WINDOWS\SYSTEM32\WSOCK32.dll
0x00007ffa602c0000 - 0x00007ffa602ca000 	C:\WINDOWS\SYSTEM32\VERSION.dll
0x00007ffa673f0000 - 0x00007ffa67413000 	C:\WINDOWS\SYSTEM32\WINMM.dll
0x00007ffa6b7e0000 - 0x00007ffa6b84c000 	C:\WINDOWS\System32\WS2_32.dll
0x00007ffa66f90000 - 0x00007ffa66fba000 	C:\WINDOWS\SYSTEM32\winmmbase.dll
0x00007ffa69e30000 - 0x00007ffa69e7a000 	C:\WINDOWS\System32\cfgmgr32.dll
0x0000000069980000 - 0x000000006998f000 	C:\Program Files\Java\jdk1.8.0_161\jre\bin\verify.dll
0x0000000069950000 - 0x0000000069979000 	C:\Program Files\Java\jdk1.8.0_161\jre\bin\java.dll
0x0000000069620000 - 0x0000000069655000 	C:\Program Files\Java\jdk1.8.0_161\jre\bin\jdwp.dll
0x0000000069610000 - 0x0000000069618000 	C:\Program Files\Java\jdk1.8.0_161\jre\bin\npt.dll
0x0000000069930000 - 0x0000000069946000 	C:\Program Files\Java\jdk1.8.0_161\jre\bin\zip.dll
0x00007ffa6bb30000 - 0x00007ffa6cf66000 	C:\WINDOWS\System32\SHELL32.dll
0x00007ffa6d790000 - 0x00007ffa6d836000 	C:\WINDOWS\System32\shcore.dll
0x00007ffa6a550000 - 0x00007ffa6ac97000 	C:\WINDOWS\System32\windows.storage.dll
0x00007ffa6b6a0000 - 0x00007ffa6b6f1000 	C:\WINDOWS\System32\shlwapi.dll
0x00007ffa69df0000 - 0x00007ffa69e01000 	C:\WINDOWS\System32\kernel.appcore.dll
0x00007ffa69da0000 - 0x00007ffa69dec000 	C:\WINDOWS\System32\powrprof.dll
0x00007ffa69d60000 - 0x00007ffa69d7b000 	C:\WINDOWS\System32\profapi.dll
0x0000000069660000 - 0x000000006966b000 	C:\Program Files\Java\jdk1.8.0_161\jre\bin\dt_shmem.dll
0x0000000180000000 - 0x000000018007f000 	C:\Windows\System32\pteidlibj.dll
0x00007ffa4d200000 - 0x00007ffa4d2a6000 	C:\WINDOWS\SYSTEM32\MSVCP120.dll
0x00007ffa4d2b0000 - 0x00007ffa4d39f000 	C:\WINDOWS\SYSTEM32\MSVCR120.dll
0x0000000021050000 - 0x0000000021073000 	C:\WINDOWS\SYSTEM32\pteidcommon.dll
0x0000000021080000 - 0x00000000210fb000 	C:\WINDOWS\SYSTEM32\pteidapplayer.dll
0x00007ffa6a280000 - 0x00007ffa6a44e000 	C:\WINDOWS\System32\CRYPT32.dll
0x00007ffa69d80000 - 0x00007ffa69d92000 	C:\WINDOWS\System32\MSASN1.dll
0x00007ffa4cff0000 - 0x00007ffa4d1f5000 	C:\WINDOWS\SYSTEM32\LIBEAY32.dll
0x00007ffa57b40000 - 0x00007ffa57b9a000 	C:\WINDOWS\SYSTEM32\SSLEAY32.dll
0x00007ffa534e0000 - 0x00007ffa5352f000 	C:\WINDOWS\SYSTEM32\libcurl.dll
0x00007ffa6d610000 - 0x00007ffa6d66e000 	C:\WINDOWS\System32\WLDAP32.dll
0x0000000021110000 - 0x0000000021371000 	C:\WINDOWS\SYSTEM32\xerces-c_3_1.dll
0x0000000021390000 - 0x0000000021470000 	C:\WINDOWS\SYSTEM32\pteid-poppler.dll
0x0000000021470000 - 0x0000000021583000 	C:\WINDOWS\SYSTEM32\FreeImage.dll
0x00000000215a0000 - 0x000000002168a000 	C:\WINDOWS\SYSTEM32\xsec_1_7.dll
0x0000000021690000 - 0x00000000216c9000 	C:\WINDOWS\SYSTEM32\pteidcardlayer.dll
0x00007ffa5fbf0000 - 0x00007ffa5fc30000 	C:\WINDOWS\SYSTEM32\WinSCard.dll
0x00007ffa69b70000 - 0x00007ffa69b97000 	C:\WINDOWS\SYSTEM32\DEVOBJ.dll
0x00000000216f0000 - 0x00000000217d0000 	C:\WINDOWS\SYSTEM32\pteidDlgsWin32.dll
0x00007ffa68ed0000 - 0x00007ffa68f25000 	C:\WINDOWS\SYSTEM32\WINSTA.dll
0x00007ffa69380000 - 0x00007ffa693b9000 	C:\WINDOWS\SYSTEM32\IPHLPAPI.DLL
0x00007ffa6ba00000 - 0x00007ffa6ba08000 	C:\WINDOWS\System32\NSI.dll
0x00007ffa64920000 - 0x00007ffa64936000 	C:\WINDOWS\SYSTEM32\dhcpcsvc6.DLL
0x00007ffa64900000 - 0x00007ffa6491a000 	C:\WINDOWS\SYSTEM32\dhcpcsvc.DLL
0x00007ffa695f0000 - 0x00007ffa69656000 	C:\WINDOWS\system32\mswsock.dll
0x00007ffa693c0000 - 0x00007ffa69476000 	C:\WINDOWS\SYSTEM32\DNSAPI.dll
0x00007ffa645b0000 - 0x00007ffa645ba000 	C:\Windows\System32\rasadhlp.dll
0x00007ffa5e630000 - 0x00007ffa5e7f8000 	C:\WINDOWS\SYSTEM32\dbghelp.dll

VM Arguments:
jvm_args: -Xdebug -Xrunjdwp:transport=dt_shmem,address=javadebug -Dfile.encoding=UTF-8 
java_command: AppPackage.AuthenticityProjectMain
java_class_path (initial): C:\Users\João Saraiva\Documents\GitHub\ProjetoFinal\AuthenticityProjectOldVersion\libraries\pteidlibj.jar;C:\Users\João Saraiva\Documents\GitHub\ProjetoFinal\AuthenticityProjectOldVersion\libraries\bcprov-jdk15on-159.jar;C:\Users\João Saraiva\Documents\GitHub\ProjetoFinal\AuthenticityProjectOldVersion\build\classes
Launcher Type: SUN_STANDARD

Environment Variables:
CLASSPATH=C:\Program Files\Portugal Identity Card
PATH=C:\ProgramData\Oracle\Java\javapath;C:\WINDOWS\system32;C:\WINDOWS;C:\WINDOWS\System32\Wbem;C:\WINDOWS\System32\WindowsPowerShell\v1.0\;C:\Program Files\Portugal Identity Card;C:\Program Files (x86)\Java\jre1.8.0_161\bin;C:\Program Files\Microsoft VS Code\bin;C:\Users\João Saraiva\AppData\Local\Microsoft\WindowsApps;C:\Users\João Saraiva\AppData\Local\GitHubDesktop\bin
USERNAME=João Saraiva
OS=Windows_NT
PROCESSOR_IDENTIFIER=Intel64 Family 6 Model 60 Stepping 3, GenuineIntel



---------------  S Y S T E M  ---------------

OS: Windows 10.0 , 64 bit Build 16299 (10.0.16299.15)

CPU:total 8 (initial active 8) (4 cores per cpu, 2 threads per core) family 6 model 60 stepping 3, cmov, cx8, fxsr, mmx, sse, sse2, sse3, ssse3, sse4.1, sse4.2, popcnt, avx, avx2, aes, clmul, erms, lzcnt, ht, tsc, tscinvbit, bmi1, bmi2

Memory: 4k page, physical 16453392k(11819048k free), swap 18943760k(13730332k free)

vm_info: Java HotSpot(TM) 64-Bit Server VM (25.161-b12) for windows-amd64 JRE (1.8.0_161-b12), built on Dec 19 2017 17:52:25 by "java_re" with MS VC++ 10.0 (VS2010)

time: Fri Mar 02 16:45:42 2018
elapsed time: 73 seconds (0d 0h 1m 13s)

