#
# A fatal error has been detected by the Java Runtime Environment:
#
#  EXCEPTION_UNCAUGHT_CXX_EXCEPTION (0xe06d7363) at pc=0x00007ffa69e94008, pid=9540, tid=0x0000000000001290
#
# JRE version: Java(TM) SE Runtime Environment (8.0_161-b12) (build 1.8.0_161-b12)
# Java VM: Java HotSpot(TM) 64-Bit Server VM (25.161-b12 mixed mode windows-amd64 compressed oops)
# Problematic frame:
# C  [KERNELBASE.dll+0x14008]
#
# Failed to write core dump. Minidumps are not enabled by default on client versions of Windows
#
# If you would like to submit a bug report, please visit:
#   http://bugreport.java.com/bugreport/crash.jsp
# The crash happened outside the Java Virtual Machine in native code.
# See problematic frame for where to report the bug.
#

---------------  T H R E A D  ---------------

Current thread (0x00000000206b2800):  JavaThread "JDWP Transport Listener: dt_shmem" daemon [_thread_in_native, id=4752, stack(0x0000000020e70000,0x0000000020f70000)]

siginfo: ExceptionCode=0xe06d7363, ExceptionInformation=0x0000000019930520 0x0000000020f6f370 0x0000000180060840 0x0000000180000000 

Registers:
RAX=0x0000000000000005, RBX=0x0000000180060840, RCX=0x0000000000000005, RDX=0x0000000000000000
RSP=0x0000000020f6f200, RBP=0x0000000020f6f340, RSI=0x0000000000000001, RDI=0x0000000020f6f370
R8 =0x0000000000000000, R9 =0x0000000000000000, R10=0x0000000002e48018, R11=0x0000000002e40150
R12=0x0000000002e6f668, R13=0x0000000002e6f620, R14=0x0000000002e6f650, R15=0x0000000000000000
RIP=0x00007ffa69e94008, EFLAGS=0x0000000000000206

Top of Stack: (sp=0x0000000020f6f200)
0x0000000020f6f200:   0000000000000000 0000000180060840
0x0000000020f6f210:   0000000000000001 0000000020f6f370
0x0000000020f6f220:   00000001e06d7363 0000000000000000
0x0000000020f6f230:   00007ffa69e94008 0000000000000004
0x0000000020f6f240:   0000000019930520 0000000020f6f370
0x0000000020f6f250:   0000000180060840 0000000180000000
0x0000000020f6f260:   0000000002e6f668 0000000020f6f370
0x0000000020f6f270:   0000000000000001 0000000020f6f350
0x0000000020f6f280:   0000000020f6f340 00007ffa6da8c66f
0x0000000020f6f290:   0000000002e6f620 00007ffa00000000
0x0000000020f6f2a0:   0000000000000001 0000000000000000
0x0000000020f6f2b0:   0000000180077000 0000000180000000
0x0000000020f6f2c0:   00009943a435fd1e 0000dccebf0a0e8e
0x0000000020f6f2d0:   0000000180060840 00007ffa4d38ef63
0x0000000020f6f2e0:   0000000002e6f620 0000000002e6f668
0x0000000020f6f2f0:   0000000020f6f358 0000000000000001 

Instructions: (pc=0x00007ffa69e94008)
0x00007ffa69e93fe8:   49 8b d1 44 0f 47 c0 44 89 44 24 38 49 c1 e0 03
0x00007ffa69e93ff8:   e8 ca 16 07 00 48 8d 4c 24 20 ff 15 e8 4a 16 00
0x00007ffa69e94008:   48 8b 8c 24 c0 00 00 00 48 33 cc e8 a8 e6 06 00
0x00007ffa69e94018:   48 81 c4 d8 00 00 00 c3 83 64 24 38 00 eb d6 cc 


Register to memory mapping:

RAX=0x0000000000000005 is an unknown value
RBX=0x0000000180060840 is an unknown value
RCX=0x0000000000000005 is an unknown value
RDX=0x0000000000000000 is an unknown value
RSP=0x0000000020f6f200 is pointing into the stack for thread: 0x00000000206b2800
RBP=0x0000000020f6f340 is pointing into the stack for thread: 0x00000000206b2800
RSI=0x0000000000000001 is an unknown value
RDI=0x0000000020f6f370 is pointing into the stack for thread: 0x00000000206b2800
R8 =0x0000000000000000 is an unknown value
R9 =0x0000000000000000 is an unknown value
R10=0x0000000002e48018 is an unknown value
R11=0x0000000002e40150 is an unknown value
R12=0x0000000002e6f668 is an unknown value
R13=0x0000000002e6f620 is an unknown value
R14=0x0000000002e6f650 is an unknown value
R15=0x0000000000000000 is an unknown value


Stack: [0x0000000020e70000,0x0000000020f70000],  sp=0x0000000020f6f200,  free space=1020k
Native frames: (J=compiled Java code, j=interpreted, Vv=VM code, C=native code)
C  [KERNELBASE.dll+0x14008]
C  [MSVCR120.dll+0x5ef63]
C  [pteidlibj.dll+0x38b14]
C  [pteidlibj.dll+0x22be4]
C  [pteidlibj.dll+0x22e66]
C  [ntdll.dll+0x11493]
C  [ntdll.dll+0x406b5]
C  [ntdll.dll+0x40574]
C  [KERNEL32.DLL+0xf06a]
C  [msvcr100.dll+0x20ccd]
C  [jdwp.dll+0xc8b9]
C  [jdwp.dll+0xa2ea]
C  [jdwp.dll+0xf168]
C  [jdwp.dll+0x1f5b9]
C  [jdwp.dll+0x1f78e]
V  [jvm.dll+0x1bd7da]
V  [jvm.dll+0x24533f]
V  [jvm.dll+0x29cc4a]
C  [msvcr100.dll+0x21d9f]
C  [msvcr100.dll+0x21e3b]
C  [KERNEL32.DLL+0x11fe4]
C  [ntdll.dll+0x6efc1]


---------------  P R O C E S S  ---------------

Java Threads: ( => current thread )
  0x000000002076f800 JavaThread "Service Thread" daemon [_thread_blocked, id=9416, stack(0x0000000021570000,0x0000000021670000)]
  0x00000000206df000 JavaThread "C1 CompilerThread3" daemon [_thread_blocked, id=9224, stack(0x0000000021470000,0x0000000021570000)]
  0x00000000206db000 JavaThread "C2 CompilerThread2" daemon [_thread_blocked, id=5196, stack(0x0000000021370000,0x0000000021470000)]
  0x00000000206da800 JavaThread "C2 CompilerThread1" daemon [_thread_blocked, id=784, stack(0x0000000021270000,0x0000000021370000)]
  0x00000000206d4000 JavaThread "C2 CompilerThread0" daemon [_thread_blocked, id=8768, stack(0x0000000021170000,0x0000000021270000)]
  0x00000000206be800 JavaThread "JDWP Event Helper Thread" daemon [_thread_blocked, id=740, stack(0x0000000020f70000,0x0000000021070000)]
=>0x00000000206b2800 JavaThread "JDWP Transport Listener: dt_shmem" daemon [_thread_in_native, id=4752, stack(0x0000000020e70000,0x0000000020f70000)]
  0x00000000206ab000 JavaThread "Attach Listener" daemon [_thread_blocked, id=6392, stack(0x0000000020d70000,0x0000000020e70000)]
  0x00000000206aa000 JavaThread "Signal Dispatcher" daemon [_thread_blocked, id=5704, stack(0x0000000020c70000,0x0000000020d70000)]
  0x00000000206a0800 JavaThread "Finalizer" daemon [_thread_blocked, id=7448, stack(0x0000000020a80000,0x0000000020b80000)]
  0x000000001e78d800 JavaThread "Reference Handler" daemon [_thread_blocked, id=4000, stack(0x0000000020580000,0x0000000020680000)]
  0x0000000004c82800 JavaThread "main" [_thread_blocked, id=5236, stack(0x0000000003390000,0x0000000003490000)]

Other Threads:
  0x000000001e789800 VMThread [stack: 0x0000000020480000,0x0000000020580000] [id=5048]
  0x0000000020783000 WatcherThread [stack: 0x0000000021670000,0x0000000021770000] [id=10180]

VM state:not at safepoint (normal execution)

VM Mutex/Monitor currently owned by a thread: None

Heap:
 PSYoungGen      total 75264K, used 6928K [0x000000076c500000, 0x0000000771900000, 0x00000007c0000000)
  eden space 64512K, 10% used [0x000000076c500000,0x000000076cbc43d8,0x0000000770400000)
  from space 10752K, 0% used [0x0000000770e80000,0x0000000770e80000,0x0000000771900000)
  to   space 10752K, 0% used [0x0000000770400000,0x0000000770400000,0x0000000770e80000)
 ParOldGen       total 172032K, used 0K [0x00000006c4e00000, 0x00000006cf600000, 0x000000076c500000)
  object space 172032K, 0% used [0x00000006c4e00000,0x00000006c4e00000,0x00000006cf600000)
 Metaspace       used 4782K, capacity 4920K, committed 5248K, reserved 1056768K
  class space    used 508K, capacity 560K, committed 640K, reserved 1048576K

Card table byte_map: [0x0000000014410000,0x0000000014bf0000] byte_map_base: 0x0000000010de9000

Marking Bits: (ParMarkBitMap*) 0x000000006a2cf860
 Begin Bits: [0x0000000015830000, 0x00000000196f8000)
 End Bits:   [0x00000000196f8000, 0x000000001d5c0000)

Polling page: 0x0000000000be0000

CodeCache: size=245760Kb used=1200Kb max_used=1200Kb free=244559Kb
 bounds [0x0000000005050000, 0x00000000052c0000, 0x0000000014050000]
 total_blobs=348 nmethods=64 adapters=205
 compilation: enabled

Compilation events (10 events):
Event: 17.042 Thread 0x00000000206df000   58  s    3       java.io.ByteArrayInputStream::read (36 bytes)
Event: 17.042 Thread 0x00000000206df000 nmethod 58 0x000000000517a750 code [0x000000000517a8c0, 0x000000000517ac10]
Event: 17.042 Thread 0x00000000206df000   59  s    3       java.io.ByteArrayInputStream::available (10 bytes)
Event: 17.042 Thread 0x00000000206df000 nmethod 59 0x000000000517ad10 code [0x000000000517ae60, 0x000000000517b110]
Event: 17.043 Thread 0x00000000206df000   60       3       java.io.ByteArrayInputStream::mark (9 bytes)
Event: 17.043 Thread 0x00000000206df000 nmethod 60 0x000000000517b1d0 code [0x000000000517b320, 0x000000000517b470]
Event: 17.043 Thread 0x00000000206df000   61       3       java.util.concurrent.ConcurrentHashMap::setTabAt (19 bytes)
Event: 17.043 Thread 0x00000000206df000 nmethod 61 0x000000000517b890 code [0x000000000517b9e0, 0x000000000517bb50]
Event: 27.949 Thread 0x00000000206df000   64       3       java.lang.String::indexOf (166 bytes)
Event: 27.950 Thread 0x00000000206df000 nmethod 64 0x000000000517bf90 code [0x000000000517c140, 0x000000000517c790]

GC Heap History (0 events):
No events

Deoptimization events (1 events):
Event: 0.077 Thread 0x0000000004c82800 Uncommon trap: reason=unstable_if action=reinterpret pc=0x000000000516bf90 method=java.lang.String.equals(Ljava/lang/Object;)Z @ 2

Classes redefined (0 events):
No events

Internal exceptions (6 events):
Event: 0.025 Thread 0x0000000004c82800 Exception <a 'java/lang/NoSuchMethodError': Method sun.misc.Unsafe.defineClass(Ljava/lang/String;[BII)Ljava/lang/Class; name or signature does not match> (0x000000076c507ca0) thrown at [C:\re\workspace\8-2-build-windows-amd64-cygwin\jdk8u161\10277\hotspot
Event: 0.025 Thread 0x0000000004c82800 Exception <a 'java/lang/NoSuchMethodError': Method sun.misc.Unsafe.prefetchRead(Ljava/lang/Object;J)V name or signature does not match> (0x000000076c507f88) thrown at [C:\re\workspace\8-2-build-windows-amd64-cygwin\jdk8u161\10277\hotspot\src\share\vm\prim
Event: 5.857 Thread 0x0000000004c82800 Exception <a 'java/security/PrivilegedActionException'> (0x000000076ca4c808) thrown at [C:\re\workspace\8-2-build-windows-amd64-cygwin\jdk8u161\10277\hotspot\src\share\vm\prims\jvm.cpp, line 1390]
Event: 5.857 Thread 0x0000000004c82800 Exception <a 'java/security/PrivilegedActionException'> (0x000000076ca4cc00) thrown at [C:\re\workspace\8-2-build-windows-amd64-cygwin\jdk8u161\10277\hotspot\src\share\vm\prims\jvm.cpp, line 1390]
Event: 5.887 Thread 0x0000000004c82800 Exception <a 'java/security/PrivilegedActionException'> (0x000000076ca50cf8) thrown at [C:\re\workspace\8-2-build-windows-amd64-cygwin\jdk8u161\10277\hotspot\src\share\vm\prims\jvm.cpp, line 1390]
Event: 5.887 Thread 0x0000000004c82800 Exception <a 'java/security/PrivilegedActionException'> (0x000000076ca510f0) thrown at [C:\re\workspace\8-2-build-windows-amd64-cygwin\jdk8u161\10277\hotspot\src\share\vm\prims\jvm.cpp, line 1390]

Events (10 events):
Event: 27.917 Executing VM operation: GetOrSetLocal done
Event: 27.948 loading class cpv_result
Event: 27.949 loading class cpv_result done
Event: 27.952 Executing VM operation: GetCurrentContendedMonitor
Event: 27.952 Executing VM operation: GetCurrentContendedMonitor done
Event: 27.953 Executing VM operation: GetOwnedMonitorInfo
Event: 27.953 Executing VM operation: GetOwnedMonitorInfo done
Event: 36.597 Executing VM operation: ChangeBreakpoints
Event: 36.597 Executing VM operation: ChangeBreakpoints done
Event: 38.559 Thread 0x00000000206c4000 Thread exited: 0x00000000206c4000


Dynamic libraries:
0x00007ff610d50000 - 0x00007ff610d87000 	C:\Program Files\Java\jdk1.8.0_161\bin\java.exe
0x00007ffa6da10000 - 0x00007ffa6dbf0000 	C:\WINDOWS\SYSTEM32\ntdll.dll
0x00007ffa6b700000 - 0x00007ffa6b7ae000 	C:\WINDOWS\System32\KERNEL32.DLL
0x00007ffa69e80000 - 0x00007ffa6a0e6000 	C:\WINDOWS\System32\KERNELBASE.dll
0x00007ffa6d560000 - 0x00007ffa6d601000 	C:\WINDOWS\System32\ADVAPI32.dll
0x00007ffa6b120000 - 0x00007ffa6b1bd000 	C:\WINDOWS\System32\msvcrt.dll
0x00007ffa6b9a0000 - 0x00007ffa6b9fb000 	C:\WINDOWS\System32\sechost.dll
0x00007ffa6d670000 - 0x00007ffa6d78f000 	C:\WINDOWS\System32\RPCRT4.dll
0x00007ffa6cf70000 - 0x00007ffa6d0ff000 	C:\WINDOWS\System32\USER32.dll
0x00007ffa69e10000 - 0x00007ffa69e30000 	C:\WINDOWS\System32\win32u.dll
0x00007ffa6b7b0000 - 0x00007ffa6b7d8000 	C:\WINDOWS\System32\GDI32.dll
0x00007ffa6ad40000 - 0x00007ffa6aed3000 	C:\WINDOWS\System32\gdi32full.dll
0x00007ffa6aca0000 - 0x00007ffa6ad3b000 	C:\WINDOWS\System32\msvcp_win.dll
0x00007ffa6a450000 - 0x00007ffa6a546000 	C:\WINDOWS\System32\ucrtbase.dll
0x00007ffa56160000 - 0x00007ffa563c9000 	C:\WINDOWS\WinSxS\amd64_microsoft.windows.common-controls_6595b64144ccf1df_6.0.16299.248_none_15ced204935f55d7\COMCTL32.dll
0x00007ffa6b1c0000 - 0x00007ffa6b4c8000 	C:\WINDOWS\System32\combase.dll
0x00007ffa6a150000 - 0x00007ffa6a1c2000 	C:\WINDOWS\System32\bcryptPrimitives.dll
0x00007ffa6b5d0000 - 0x00007ffa6b5fd000 	C:\WINDOWS\System32\IMM32.DLL
0x00000000699d0000 - 0x0000000069aa2000 	C:\Program Files\Java\jdk1.8.0_161\jre\bin\msvcr100.dll
0x0000000069ab0000 - 0x000000006a34f000 	C:\Program Files\Java\jdk1.8.0_161\jre\bin\server\jvm.dll
0x00007ffa6bb20000 - 0x00007ffa6bb28000 	C:\WINDOWS\System32\PSAPI.DLL
0x00007ffa673f0000 - 0x00007ffa67413000 	C:\WINDOWS\SYSTEM32\WINMM.dll
0x00007ffa603f0000 - 0x00007ffa603f9000 	C:\WINDOWS\SYSTEM32\WSOCK32.dll
0x00007ffa6b7e0000 - 0x00007ffa6b84c000 	C:\WINDOWS\System32\WS2_32.dll
0x00007ffa602c0000 - 0x00007ffa602ca000 	C:\WINDOWS\SYSTEM32\VERSION.dll
0x00007ffa66f90000 - 0x00007ffa66fba000 	C:\WINDOWS\SYSTEM32\WINMMBASE.dll
0x00007ffa69e30000 - 0x00007ffa69e7a000 	C:\WINDOWS\System32\cfgmgr32.dll
0x0000000069980000 - 0x000000006998f000 	C:\Program Files\Java\jdk1.8.0_161\jre\bin\verify.dll
0x0000000069950000 - 0x0000000069979000 	C:\Program Files\Java\jdk1.8.0_161\jre\bin\java.dll
0x0000000069620000 - 0x0000000069655000 	C:\Program Files\Java\jdk1.8.0_161\jre\bin\jdwp.dll
0x0000000069610000 - 0x0000000069618000 	C:\Program Files\Java\jdk1.8.0_161\jre\bin\npt.dll
0x0000000069930000 - 0x0000000069946000 	C:\Program Files\Java\jdk1.8.0_161\jre\bin\zip.dll
0x00007ffa6bb30000 - 0x00007ffa6cf66000 	C:\WINDOWS\System32\SHELL32.dll
0x00007ffa6d790000 - 0x00007ffa6d836000 	C:\WINDOWS\System32\shcore.dll
0x00007ffa6a550000 - 0x00007ffa6ac97000 	C:\WINDOWS\System32\windows.storage.dll
0x00007ffa6b6a0000 - 0x00007ffa6b6f1000 	C:\WINDOWS\System32\shlwapi.dll
0x00007ffa69df0000 - 0x00007ffa69e01000 	C:\WINDOWS\System32\kernel.appcore.dll
0x00007ffa69da0000 - 0x00007ffa69dec000 	C:\WINDOWS\System32\powrprof.dll
0x00007ffa69d60000 - 0x00007ffa69d7b000 	C:\WINDOWS\System32\profapi.dll
0x0000000069660000 - 0x000000006966b000 	C:\Program Files\Java\jdk1.8.0_161\jre\bin\dt_shmem.dll
0x0000000180000000 - 0x000000018007f000 	C:\Windows\System32\pteidlibj.dll
0x00007ffa4d280000 - 0x00007ffa4d326000 	C:\WINDOWS\SYSTEM32\MSVCP120.dll
0x00007ffa4d330000 - 0x00007ffa4d41f000 	C:\WINDOWS\SYSTEM32\MSVCR120.dll
0x00000000034a0000 - 0x00000000034c3000 	C:\WINDOWS\SYSTEM32\pteidcommon.dll
0x0000000004f60000 - 0x0000000004fdb000 	C:\WINDOWS\SYSTEM32\pteidapplayer.dll
0x00007ffa6a280000 - 0x00007ffa6a44e000 	C:\WINDOWS\System32\CRYPT32.dll
0x00007ffa69d80000 - 0x00007ffa69d92000 	C:\WINDOWS\System32\MSASN1.dll
0x00007ffa4d070000 - 0x00007ffa4d275000 	C:\WINDOWS\SYSTEM32\LIBEAY32.dll
0x00007ffa4d010000 - 0x00007ffa4d06a000 	C:\WINDOWS\SYSTEM32\SSLEAY32.dll
0x00007ffa534e0000 - 0x00007ffa5352f000 	C:\WINDOWS\SYSTEM32\libcurl.dll
0x00007ffa6d610000 - 0x00007ffa6d66e000 	C:\WINDOWS\System32\WLDAP32.dll
0x0000000021770000 - 0x00000000219d1000 	C:\WINDOWS\SYSTEM32\xerces-c_3_1.dll
0x00000000219e0000 - 0x0000000021af3000 	C:\WINDOWS\SYSTEM32\FreeImage.dll
0x0000000021b00000 - 0x0000000021be0000 	C:\WINDOWS\SYSTEM32\pteid-poppler.dll
0x0000000021be0000 - 0x0000000021cca000 	C:\WINDOWS\SYSTEM32\xsec_1_7.dll
0x0000000004fe0000 - 0x0000000005019000 	C:\WINDOWS\SYSTEM32\pteidcardlayer.dll
0x00007ffa5fbf0000 - 0x00007ffa5fc30000 	C:\WINDOWS\SYSTEM32\WinSCard.dll
0x00007ffa69b70000 - 0x00007ffa69b97000 	C:\WINDOWS\SYSTEM32\DEVOBJ.dll
0x0000000021cd0000 - 0x0000000021db0000 	C:\WINDOWS\SYSTEM32\pteidDlgsWin32.dll
0x00007ffa68ed0000 - 0x00007ffa68f25000 	C:\WINDOWS\SYSTEM32\WINSTA.dll
0x00007ffa63f10000 - 0x00007ffa63fee000 	C:\WINDOWS\SYSTEM32\winhttp.dll
0x00007ffa69380000 - 0x00007ffa693b9000 	C:\WINDOWS\SYSTEM32\IPHLPAPI.DLL
0x00007ffa6ba00000 - 0x00007ffa6ba08000 	C:\WINDOWS\System32\NSI.dll
0x00007ffa64920000 - 0x00007ffa64936000 	C:\WINDOWS\SYSTEM32\dhcpcsvc6.DLL
0x00007ffa64900000 - 0x00007ffa6491a000 	C:\WINDOWS\SYSTEM32\dhcpcsvc.DLL
0x00007ffa695f0000 - 0x00007ffa69656000 	C:\WINDOWS\system32\mswsock.dll
0x00007ffa693c0000 - 0x00007ffa69476000 	C:\WINDOWS\SYSTEM32\DNSAPI.dll
0x00007ffa645b0000 - 0x00007ffa645ba000 	C:\Windows\System32\rasadhlp.dll
0x00007ffa5e630000 - 0x00007ffa5e7f8000 	C:\WINDOWS\SYSTEM32\dbghelp.dll

VM Arguments:
jvm_args: -Xdebug -Xrunjdwp:transport=dt_shmem,address=javadebug -Dfile.encoding=UTF-8 
java_command: AppPackage.AuthenticityProjectMain
java_class_path (initial): C:\Users\João Saraiva\Documents\GitHub\ProjetoFinal\AuthenticityProjectOldVersion\libraries\pteidlibj.jar;C:\Users\João Saraiva\Documents\GitHub\ProjetoFinal\AuthenticityProjectOldVersion\libraries\bcprov-jdk15on-159.jar;C:\Users\João Saraiva\Documents\GitHub\ProjetoFinal\AuthenticityProjectOldVersion\build\classes
Launcher Type: SUN_STANDARD

Environment Variables:
CLASSPATH=C:\Program Files\Portugal Identity Card
PATH=C:\ProgramData\Oracle\Java\javapath;C:\WINDOWS\system32;C:\WINDOWS;C:\WINDOWS\System32\Wbem;C:\WINDOWS\System32\WindowsPowerShell\v1.0\;C:\Program Files\Portugal Identity Card;C:\Program Files (x86)\Java\jre1.8.0_161\bin;C:\Program Files\Microsoft VS Code\bin;C:\Users\João Saraiva\AppData\Local\Microsoft\WindowsApps;C:\Users\João Saraiva\AppData\Local\GitHubDesktop\bin
USERNAME=João Saraiva
OS=Windows_NT
PROCESSOR_IDENTIFIER=Intel64 Family 6 Model 60 Stepping 3, GenuineIntel



---------------  S Y S T E M  ---------------

OS: Windows 10.0 , 64 bit Build 16299 (10.0.16299.15)

CPU:total 8 (initial active 8) (4 cores per cpu, 2 threads per core) family 6 model 60 stepping 3, cmov, cx8, fxsr, mmx, sse, sse2, sse3, ssse3, sse4.1, sse4.2, popcnt, avx, avx2, aes, clmul, erms, lzcnt, ht, tsc, tscinvbit, bmi1, bmi2

Memory: 4k page, physical 16453392k(11994996k free), swap 18943760k(13932316k free)

vm_info: Java HotSpot(TM) 64-Bit Server VM (25.161-b12) for windows-amd64 JRE (1.8.0_161-b12), built on Dec 19 2017 17:52:25 by "java_re" with MS VC++ 10.0 (VS2010)

time: Fri Mar 02 16:55:29 2018
elapsed time: 38 seconds (0d 0h 0m 38s)

