#
# A fatal error has been detected by the Java Runtime Environment:
#
#  EXCEPTION_UNCAUGHT_CXX_EXCEPTION (0xe06d7363) at pc=0x00007ffa69e94008, pid=5984, tid=0x00000000000023f0
#
# JRE version: Java(TM) SE Runtime Environment (8.0_161-b12) (build 1.8.0_161-b12)
# Java VM: Java HotSpot(TM) 64-Bit Server VM (25.161-b12 mixed mode windows-amd64 compressed oops)
# Problematic frame:
# C  [KERNELBASE.dll+0x14008]
#
# Failed to write core dump. Minidumps are not enabled by default on client versions of Windows
#
# If you would like to submit a bug report, please visit:
#   http://bugreport.java.com/bugreport/crash.jsp
#

---------------  T H R E A D  ---------------

Current thread (0x000000001e9d9000):  VMThread [stack: 0x00000000206b0000,0x00000000207b0000] [id=9200]

siginfo: ExceptionCode=0xe06d7363, ExceptionInformation=0x0000000019930520 0x00000000207af340 0x0000000180060840 0x0000000180000000 

Registers:
RAX=0x00000000000002c9, RBX=0x0000000180060840, RCX=0x00000000000002c9, RDX=0x0000000000000000
RSP=0x00000000207af1d0, RBP=0x00000000207af310, RSI=0x0000000000000001, RDI=0x00000000207af340
R8 =0xfffffdaf00000000, R9 =0x0000000000000000, R10=0x0000000003317fd0, R11=0x0000000003310150
R12=0x0000000003342e28, R13=0x0000000003342de0, R14=0x0000000003342e10, R15=0x0000000000000000
RIP=0x00007ffa69e94008, EFLAGS=0x0000000000000202

Top of Stack: (sp=0x00000000207af1d0)
0x00000000207af1d0:   0000000000000000 0000000180060840
0x00000000207af1e0:   0000000000000001 00000000207af340
0x00000000207af1f0:   00000001e06d7363 0000000000000000
0x00000000207af200:   00007ffa69e94008 0000000000000004
0x00000000207af210:   0000000019930520 00000000207af340
0x00000000207af220:   0000000180060840 0000000180000000
0x00000000207af230:   0000000003342e28 00000000207af340
0x00000000207af240:   0000000000000001 00000000207af320
0x00000000207af250:   00000000207af310 00007ffa6da8c66f
0x00000000207af260:   0000000003342de0 00007ffa00000000
0x00000000207af270:   0000000000000001 000000001e865400
0x00000000207af280:   0000000180077000 0000000180000000
0x00000000207af290:   00008c14641964a5 0000e9b263e5f762
0x00000000207af2a0:   0000000180060840 00007ffa4eccef63
0x00000000207af2b0:   0000000003342de0 0000000003342e28
0x00000000207af2c0:   00000000207af328 0000000000000001 

Instructions: (pc=0x00007ffa69e94008)
0x00007ffa69e93fe8:   49 8b d1 44 0f 47 c0 44 89 44 24 38 49 c1 e0 03
0x00007ffa69e93ff8:   e8 ca 16 07 00 48 8d 4c 24 20 ff 15 e8 4a 16 00
0x00007ffa69e94008:   48 8b 8c 24 c0 00 00 00 48 33 cc e8 a8 e6 06 00
0x00007ffa69e94018:   48 81 c4 d8 00 00 00 c3 83 64 24 38 00 eb d6 cc 


Register to memory mapping:

RAX=0x00000000000002c9 is an unknown value
RBX=0x0000000180060840 is an unknown value
RCX=0x00000000000002c9 is an unknown value
RDX=0x0000000000000000 is an unknown value
RSP=0x00000000207af1d0 is an unknown value
RBP=0x00000000207af310 is an unknown value
RSI=0x0000000000000001 is an unknown value
RDI=0x00000000207af340 is an unknown value
R8 =0xfffffdaf00000000 is an unknown value
R9 =0x0000000000000000 is an unknown value
R10=0x0000000003317fd0 is an unknown value
R11=0x0000000003310150 is an unknown value
R12=0x0000000003342e28 is an unknown value
R13=0x0000000003342de0 is an unknown value
R14=0x0000000003342e10 is an unknown value
R15=0x0000000000000000 is an unknown value


Stack: [0x00000000206b0000,0x00000000207b0000],  sp=0x00000000207af1d0,  free space=1020k
Native frames: (J=compiled Java code, j=interpreted, Vv=VM code, C=native code)
C  [KERNELBASE.dll+0x14008]
C  [MSVCR120.dll+0x5ef63]
C  [pteidlibj.dll+0x38b14]
C  [pteidlibj.dll+0x22be4]
C  [pteidlibj.dll+0x22e66]
C  [ntdll.dll+0x11493]
C  [ntdll.dll+0x406b5]
C  [ntdll.dll+0x40574]
C  [KERNEL32.DLL+0xf06a]
C  [msvcr100.dll+0x20ccd]
V  [jvm.dll+0x212e95]
V  [jvm.dll+0x24c227]
V  [jvm.dll+0x24b4c6]
V  [jvm.dll+0x24b961]
V  [jvm.dll+0x24bb7e]
V  [jvm.dll+0x29cc4a]
C  [msvcr100.dll+0x21d9f]
C  [msvcr100.dll+0x21e3b]
C  [KERNEL32.DLL+0x11fe4]
C  [ntdll.dll+0x6efc1]

VM_Operation (0x000000000509f000): Exit, mode: safepoint, requested by thread 0x00000000050a1000


---------------  P R O C E S S  ---------------

Java Threads: ( => current thread )
  0x000000002097e000 JavaThread "Service Thread" daemon [_thread_blocked, id=6164, stack(0x00000000214a0000,0x00000000215a0000)]
  0x00000000208e5800 JavaThread "C1 CompilerThread3" daemon [_thread_blocked, id=8508, stack(0x00000000213a0000,0x00000000214a0000)]
  0x00000000208e4800 JavaThread "C2 CompilerThread2" daemon [_thread_blocked, id=3900, stack(0x00000000212a0000,0x00000000213a0000)]
  0x00000000208e1000 JavaThread "C2 CompilerThread1" daemon [_thread_blocked, id=8288, stack(0x00000000211a0000,0x00000000212a0000)]
  0x00000000208de000 JavaThread "C2 CompilerThread0" daemon [_thread_blocked, id=8188, stack(0x00000000210a0000,0x00000000211a0000)]
  0x00000000208dc800 JavaThread "Attach Listener" daemon [_thread_blocked, id=7884, stack(0x0000000020fa0000,0x00000000210a0000)]
  0x00000000208db800 JavaThread "Signal Dispatcher" daemon [_thread_blocked, id=8484, stack(0x0000000020ea0000,0x0000000020fa0000)]
  0x00000000208d0800 JavaThread "Finalizer" daemon [_thread_blocked, id=8888, stack(0x0000000020cb0000,0x0000000020db0000)]
  0x0000000005197000 JavaThread "Reference Handler" daemon [_thread_blocked, id=10160, stack(0x00000000207b0000,0x00000000208b0000)]
  0x00000000050a1000 JavaThread "main" [_thread_blocked, id=7812, stack(0x0000000004fa0000,0x00000000050a0000)]

Other Threads:
=>0x000000001e9d9000 VMThread [stack: 0x00000000206b0000,0x00000000207b0000] [id=9200]

VM state:at safepoint (shutting down)

VM Mutex/Monitor currently owned by a thread:  ([mutex/lock_event])
[0x0000000004f2bda0] Threads_lock - owner thread: 0x000000001e9d9000

Heap:
 PSYoungGen      total 75264K, used 5630K [0x000000076c500000, 0x0000000771900000, 0x00000007c0000000)
  eden space 64512K, 8% used [0x000000076c500000,0x000000076ca7fac0,0x0000000770400000)
  from space 10752K, 0% used [0x0000000770e80000,0x0000000770e80000,0x0000000771900000)
  to   space 10752K, 0% used [0x0000000770400000,0x0000000770400000,0x0000000770e80000)
 ParOldGen       total 172032K, used 0K [0x00000006c4e00000, 0x00000006cf600000, 0x000000076c500000)
  object space 172032K, 0% used [0x00000006c4e00000,0x00000006c4e00000,0x00000006cf600000)
 Metaspace       used 4706K, capacity 4888K, committed 5248K, reserved 1056768K
  class space    used 493K, capacity 528K, committed 640K, reserved 1048576K

Card table byte_map: [0x0000000014560000,0x0000000014d40000] byte_map_base: 0x0000000010f39000

Marking Bits: (ParMarkBitMap*) 0x000000006a2cf860
 Begin Bits: [0x0000000015a80000, 0x0000000019948000)
 End Bits:   [0x0000000019948000, 0x000000001d810000)

Polling page: 0x0000000003650000

CodeCache: size=245760Kb used=1405Kb max_used=1405Kb free=244354Kb
 bounds [0x00000000051a0000, 0x0000000005410000, 0x00000000141a0000]
 total_blobs=444 nmethods=152 adapters=205
 compilation: enabled

Compilation events (10 events):
Event: 2.082 Thread 0x00000000208e5800 nmethod 162 0x00000000052faf50 code [0x00000000052fb4a0, 0x00000000052fe948]
Event: 2.082 Thread 0x00000000208e5800  164   !   3       sun.nio.cs.StreamEncoder::flushBuffer (42 bytes)
Event: 2.082 Thread 0x00000000208e5800 nmethod 164 0x00000000052f7650 code [0x00000000052f7800, 0x00000000052f7d98]
Event: 2.082 Thread 0x00000000208e5800  165       3       sun.nio.cs.StreamEncoder::implFlushBuffer (15 bytes)
Event: 2.083 Thread 0x00000000208e5800 nmethod 165 0x00000000052f71d0 code [0x00000000052f7340, 0x00000000052f75a8]
Event: 2.083 Thread 0x00000000208e5800  166       3       sun.nio.cs.StreamEncoder::writeBytes (132 bytes)
Event: 2.083 Thread 0x00000000208e5800 nmethod 166 0x00000000052f9c90 code [0x00000000052f9ea0, 0x00000000052faa98]
Event: 2.083 Thread 0x00000000208e5800  167   !   3       java.io.PrintStream::write (69 bytes)
Event: 2.083 Thread 0x00000000208e5800 nmethod 167 0x00000000052f8f10 code [0x00000000052f90e0, 0x00000000052f9858]
Event: 2.083 Thread 0x00000000208e5800  161       3       sun.nio.cs.UTF_8$Encoder::encodeLoop (28 bytes)

GC Heap History (0 events):
No events

Deoptimization events (0 events):
No events

Classes redefined (0 events):
No events

Internal exceptions (7 events):
Event: 0.035 Thread 0x00000000050a1000 Exception <a 'java/lang/NoSuchMethodError': Method sun.misc.Unsafe.defineClass(Ljava/lang/String;[BII)Ljava/lang/Class; name or signature does not match> (0x000000076c507ca0) thrown at [C:\re\workspace\8-2-build-windows-amd64-cygwin\jdk8u161\10277\hotspot
Event: 0.035 Thread 0x00000000050a1000 Exception <a 'java/lang/NoSuchMethodError': Method sun.misc.Unsafe.prefetchRead(Ljava/lang/Object;J)V name or signature does not match> (0x000000076c507f88) thrown at [C:\re\workspace\8-2-build-windows-amd64-cygwin\jdk8u161\10277\hotspot\src\share\vm\prim
Event: 2.072 Thread 0x00000000050a1000 Exception <a 'java/security/PrivilegedActionException'> (0x000000076c900950) thrown at [C:\re\workspace\8-2-build-windows-amd64-cygwin\jdk8u161\10277\hotspot\src\share\vm\prims\jvm.cpp, line 1390]
Event: 2.072 Thread 0x00000000050a1000 Exception <a 'java/security/PrivilegedActionException'> (0x000000076c900d48) thrown at [C:\re\workspace\8-2-build-windows-amd64-cygwin\jdk8u161\10277\hotspot\src\share\vm\prims\jvm.cpp, line 1390]
Event: 2.073 Thread 0x00000000050a1000 Exception <a 'java/security/PrivilegedActionException'> (0x000000076c904e40) thrown at [C:\re\workspace\8-2-build-windows-amd64-cygwin\jdk8u161\10277\hotspot\src\share\vm\prims\jvm.cpp, line 1390]
Event: 2.073 Thread 0x00000000050a1000 Exception <a 'java/security/PrivilegedActionException'> (0x000000076c905238) thrown at [C:\re\workspace\8-2-build-windows-amd64-cygwin\jdk8u161\10277\hotspot\src\share\vm\prims\jvm.cpp, line 1390]
Event: 2.083 Thread 0x00000000050a1000 Exception <a 'java/io/FileNotFoundException'> (0x000000076c99ed20) thrown at [C:\re\workspace\8-2-build-windows-amd64-cygwin\jdk8u161\10277\hotspot\src\share\vm\prims\jni.cpp, line 709]

Events (10 events):
Event: 2.083 loading class java/lang/Throwable$WrappedPrintStream done
Event: 2.083 loading class java/util/IdentityHashMap
Event: 2.083 loading class java/util/IdentityHashMap done
Event: 2.083 loading class java/util/IdentityHashMap$KeySet
Event: 2.083 loading class java/util/IdentityHashMap$KeySet done
Event: 2.083 loading class java/lang/Shutdown
Event: 2.083 loading class java/lang/Shutdown done
Event: 2.083 loading class java/lang/Shutdown$Lock
Event: 2.083 loading class java/lang/Shutdown$Lock done
Event: 2.084 Executing VM operation: Exit


Dynamic libraries:
0x00007ff7c77c0000 - 0x00007ff7c77f7000 	C:\Program Files\Java\jdk1.8.0_161\bin\java.exe
0x00007ffa6da10000 - 0x00007ffa6dbf0000 	C:\WINDOWS\SYSTEM32\ntdll.dll
0x00007ffa6b700000 - 0x00007ffa6b7ae000 	C:\WINDOWS\System32\KERNEL32.DLL
0x00007ffa69e80000 - 0x00007ffa6a0e6000 	C:\WINDOWS\System32\KERNELBASE.dll
0x00007ffa6d560000 - 0x00007ffa6d601000 	C:\WINDOWS\System32\ADVAPI32.dll
0x00007ffa6b120000 - 0x00007ffa6b1bd000 	C:\WINDOWS\System32\msvcrt.dll
0x00007ffa6b9a0000 - 0x00007ffa6b9fb000 	C:\WINDOWS\System32\sechost.dll
0x00007ffa6d670000 - 0x00007ffa6d78f000 	C:\WINDOWS\System32\RPCRT4.dll
0x00007ffa6cf70000 - 0x00007ffa6d0ff000 	C:\WINDOWS\System32\USER32.dll
0x00007ffa69e10000 - 0x00007ffa69e30000 	C:\WINDOWS\System32\win32u.dll
0x00007ffa6b7b0000 - 0x00007ffa6b7d8000 	C:\WINDOWS\System32\GDI32.dll
0x00007ffa6ad40000 - 0x00007ffa6aed3000 	C:\WINDOWS\System32\gdi32full.dll
0x00007ffa6aca0000 - 0x00007ffa6ad3b000 	C:\WINDOWS\System32\msvcp_win.dll
0x00007ffa6a450000 - 0x00007ffa6a546000 	C:\WINDOWS\System32\ucrtbase.dll
0x00007ffa56160000 - 0x00007ffa563c9000 	C:\WINDOWS\WinSxS\amd64_microsoft.windows.common-controls_6595b64144ccf1df_6.0.16299.248_none_15ced204935f55d7\COMCTL32.dll
0x00007ffa6b1c0000 - 0x00007ffa6b4c8000 	C:\WINDOWS\System32\combase.dll
0x00007ffa6a150000 - 0x00007ffa6a1c2000 	C:\WINDOWS\System32\bcryptPrimitives.dll
0x00007ffa6b5d0000 - 0x00007ffa6b5fd000 	C:\WINDOWS\System32\IMM32.DLL
0x00000000699d0000 - 0x0000000069aa2000 	C:\Program Files\Java\jdk1.8.0_161\jre\bin\msvcr100.dll
0x0000000069ab0000 - 0x000000006a34f000 	C:\Program Files\Java\jdk1.8.0_161\jre\bin\server\jvm.dll
0x00007ffa6bb20000 - 0x00007ffa6bb28000 	C:\WINDOWS\System32\PSAPI.DLL
0x00007ffa65790000 - 0x00007ffa65799000 	C:\WINDOWS\SYSTEM32\WSOCK32.dll
0x00007ffa673f0000 - 0x00007ffa67413000 	C:\WINDOWS\SYSTEM32\WINMM.dll
0x00007ffa602c0000 - 0x00007ffa602ca000 	C:\WINDOWS\SYSTEM32\VERSION.dll
0x00007ffa6b7e0000 - 0x00007ffa6b84c000 	C:\WINDOWS\System32\WS2_32.dll
0x00007ffa66f90000 - 0x00007ffa66fba000 	C:\WINDOWS\SYSTEM32\WINMMBASE.dll
0x00007ffa69e30000 - 0x00007ffa69e7a000 	C:\WINDOWS\System32\cfgmgr32.dll
0x0000000069980000 - 0x000000006998f000 	C:\Program Files\Java\jdk1.8.0_161\jre\bin\verify.dll
0x0000000069950000 - 0x0000000069979000 	C:\Program Files\Java\jdk1.8.0_161\jre\bin\java.dll
0x0000000069930000 - 0x0000000069946000 	C:\Program Files\Java\jdk1.8.0_161\jre\bin\zip.dll
0x00007ffa6bb30000 - 0x00007ffa6cf66000 	C:\WINDOWS\System32\SHELL32.dll
0x00007ffa6d790000 - 0x00007ffa6d836000 	C:\WINDOWS\System32\shcore.dll
0x00007ffa6a550000 - 0x00007ffa6ac97000 	C:\WINDOWS\System32\windows.storage.dll
0x00007ffa6b6a0000 - 0x00007ffa6b6f1000 	C:\WINDOWS\System32\shlwapi.dll
0x00007ffa69df0000 - 0x00007ffa69e01000 	C:\WINDOWS\System32\kernel.appcore.dll
0x00007ffa69da0000 - 0x00007ffa69dec000 	C:\WINDOWS\System32\powrprof.dll
0x00007ffa69d60000 - 0x00007ffa69d7b000 	C:\WINDOWS\System32\profapi.dll
0x0000000180000000 - 0x000000018007f000 	C:\Windows\System32\pteidlibj.dll
0x00007ffa50810000 - 0x00007ffa508b6000 	C:\WINDOWS\SYSTEM32\MSVCP120.dll
0x00007ffa4ec70000 - 0x00007ffa4ed5f000 	C:\WINDOWS\SYSTEM32\MSVCR120.dll
0x0000000004f30000 - 0x0000000004f53000 	C:\WINDOWS\SYSTEM32\pteidcommon.dll
0x00000000216a0000 - 0x000000002171b000 	C:\WINDOWS\SYSTEM32\pteidapplayer.dll
0x00007ffa6a280000 - 0x00007ffa6a44e000 	C:\WINDOWS\System32\CRYPT32.dll
0x00007ffa69d80000 - 0x00007ffa69d92000 	C:\WINDOWS\System32\MSASN1.dll
0x00007ffa5d490000 - 0x00007ffa5d4ea000 	C:\WINDOWS\SYSTEM32\SSLEAY32.dll
0x00007ffa47bd0000 - 0x00007ffa47dd5000 	C:\WINDOWS\SYSTEM32\LIBEAY32.dll
0x00007ffa5c240000 - 0x00007ffa5c28f000 	C:\WINDOWS\SYSTEM32\libcurl.dll
0x00007ffa6d610000 - 0x00007ffa6d66e000 	C:\WINDOWS\System32\WLDAP32.dll
0x0000000021720000 - 0x0000000021981000 	C:\WINDOWS\SYSTEM32\xerces-c_3_1.dll
0x00000000219a0000 - 0x0000000021ab3000 	C:\WINDOWS\SYSTEM32\FreeImage.dll
0x0000000021ac0000 - 0x0000000021ba0000 	C:\WINDOWS\SYSTEM32\pteid-poppler.dll
0x0000000021ba0000 - 0x0000000021c8a000 	C:\WINDOWS\SYSTEM32\xsec_1_7.dll
0x0000000021c90000 - 0x0000000021cc9000 	C:\WINDOWS\SYSTEM32\pteidcardlayer.dll
0x00007ffa5fbf0000 - 0x00007ffa5fc30000 	C:\WINDOWS\SYSTEM32\WinSCard.dll
0x00007ffa69b70000 - 0x00007ffa69b97000 	C:\WINDOWS\SYSTEM32\DEVOBJ.dll
0x0000000021d00000 - 0x0000000021de0000 	C:\WINDOWS\SYSTEM32\pteidDlgsWin32.dll
0x00007ffa68ed0000 - 0x00007ffa68f25000 	C:\WINDOWS\SYSTEM32\WINSTA.dll
0x00007ffa63f10000 - 0x00007ffa63fee000 	C:\WINDOWS\SYSTEM32\winhttp.dll
0x00007ffa69380000 - 0x00007ffa693b9000 	C:\WINDOWS\SYSTEM32\IPHLPAPI.DLL
0x00007ffa6ba00000 - 0x00007ffa6ba08000 	C:\WINDOWS\System32\NSI.dll
0x00007ffa64920000 - 0x00007ffa64936000 	C:\WINDOWS\SYSTEM32\dhcpcsvc6.DLL
0x00007ffa64900000 - 0x00007ffa6491a000 	C:\WINDOWS\SYSTEM32\dhcpcsvc.DLL
0x00007ffa695f0000 - 0x00007ffa69656000 	C:\WINDOWS\system32\mswsock.dll
0x00007ffa693c0000 - 0x00007ffa69476000 	C:\WINDOWS\SYSTEM32\DNSAPI.dll
0x00007ffa645b0000 - 0x00007ffa645ba000 	C:\Windows\System32\rasadhlp.dll
0x00007ffa5e630000 - 0x00007ffa5e7f8000 	C:\WINDOWS\SYSTEM32\dbghelp.dll

VM Arguments:
jvm_args: -Dfile.encoding=UTF-8 
java_command: AppPackage.AuthenticityProjectMain
java_class_path (initial): C:\Users\João Saraiva\Documents\GitHub\ProjetoFinal\AuthenticityProjectOldVersion\libraries\pteidlibj.jar;C:\Users\João Saraiva\Documents\GitHub\ProjetoFinal\AuthenticityProjectOldVersion\libraries\bcprov-jdk15on-159.jar;C:\Users\João Saraiva\Documents\GitHub\ProjetoFinal\AuthenticityProjectOldVersion\build\classes
Launcher Type: SUN_STANDARD

Environment Variables:
CLASSPATH=C:\Program Files\Portugal Identity Card
PATH=C:\ProgramData\Oracle\Java\javapath;C:\WINDOWS\system32;C:\WINDOWS;C:\WINDOWS\System32\Wbem;C:\WINDOWS\System32\WindowsPowerShell\v1.0\;C:\Program Files\Portugal Identity Card;C:\Program Files (x86)\Java\jre1.8.0_161\bin;C:\Program Files\Microsoft VS Code\bin;C:\Users\João Saraiva\AppData\Local\Microsoft\WindowsApps;C:\Users\João Saraiva\AppData\Local\GitHubDesktop\bin
USERNAME=João Saraiva
OS=Windows_NT
PROCESSOR_IDENTIFIER=Intel64 Family 6 Model 60 Stepping 3, GenuineIntel



---------------  S Y S T E M  ---------------

OS: Windows 10.0 , 64 bit Build 16299 (10.0.16299.15)

CPU:total 8 (initial active 8) (4 cores per cpu, 2 threads per core) family 6 model 60 stepping 3, cmov, cx8, fxsr, mmx, sse, sse2, sse3, ssse3, sse4.1, sse4.2, popcnt, avx, avx2, aes, clmul, erms, lzcnt, ht, tsc, tscinvbit, bmi1, bmi2

Memory: 4k page, physical 16453392k(12416568k free), swap 18943760k(14423888k free)

vm_info: Java HotSpot(TM) 64-Bit Server VM (25.161-b12) for windows-amd64 JRE (1.8.0_161-b12), built on Dec 19 2017 17:52:25 by "java_re" with MS VC++ 10.0 (VS2010)

time: Fri Mar 02 00:20:01 2018
elapsed time: 2 seconds (0d 0h 0m 2s)

