#
# A fatal error has been detected by the Java Runtime Environment:
#
#  EXCEPTION_UNCAUGHT_CXX_EXCEPTION (0xe06d7363) at pc=0x00007ffa69e94008, pid=3296, tid=0x0000000000002528
#
# JRE version: Java(TM) SE Runtime Environment (8.0_161-b12) (build 1.8.0_161-b12)
# Java VM: Java HotSpot(TM) 64-Bit Server VM (25.161-b12 mixed mode windows-amd64 compressed oops)
# Problematic frame:
# C  [KERNELBASE.dll+0x14008]
#
# Failed to write core dump. Minidumps are not enabled by default on client versions of Windows
#
# If you would like to submit a bug report, please visit:
#   http://bugreport.java.com/bugreport/crash.jsp
# The crash happened outside the Java Virtual Machine in native code.
# See problematic frame for where to report the bug.
#

---------------  T H R E A D  ---------------

Current thread (0x0000000020852800):  JavaThread "JDWP Transport Listener: dt_shmem" daemon [_thread_in_native, id=9512, stack(0x0000000021010000,0x0000000021110000)]

siginfo: ExceptionCode=0xe06d7363, ExceptionInformation=0x0000000019930520 0x000000002110eeb0 0x0000000180060840 0x0000000180000000 

Registers:
RAX=0x0000000000000003, RBX=0x0000000180060840, RCX=0x0000000000000003, RDX=0x0000000000000000
RSP=0x000000002110ed40, RBP=0x000000002110ee80, RSI=0x0000000000000001, RDI=0x000000002110eeb0
R8 =0xfffffffe00000000, R9 =0x0000000000000000, R10=0x0000000003296da8, R11=0x0000000003290150
R12=0x00000000032bf428, R13=0x00000000032bf3e0, R14=0x00000000032bf410, R15=0x0000000000000000
RIP=0x00007ffa69e94008, EFLAGS=0x0000000000000202

Top of Stack: (sp=0x000000002110ed40)
0x000000002110ed40:   0000000000000000 0000000180060840
0x000000002110ed50:   0000000000000001 000000002110eeb0
0x000000002110ed60:   00000001e06d7363 0000000000000000
0x000000002110ed70:   00007ffa69e94008 0000000000000004
0x000000002110ed80:   0000000019930520 000000002110eeb0
0x000000002110ed90:   0000000180060840 0000000180000000
0x000000002110eda0:   00000000032bf428 000000002110eeb0
0x000000002110edb0:   0000000000000001 000000002110ee90
0x000000002110edc0:   000000002110ee80 00007ffa6da8c66f
0x000000002110edd0:   00000000032bf3e0 00007ffa00000000
0x000000002110ede0:   0000000000000001 0000000000000000
0x000000002110edf0:   0000000180077000 0000000180000000
0x000000002110ee00:   0000a09268cf09c9 0000f459fb45becc
0x000000002110ee10:   0000000180060840 00007ffa4d38ef63
0x000000002110ee20:   00000000032bf3e0 00000000032bf428
0x000000002110ee30:   000000002110ee98 0000000000000001 

Instructions: (pc=0x00007ffa69e94008)
0x00007ffa69e93fe8:   49 8b d1 44 0f 47 c0 44 89 44 24 38 49 c1 e0 03
0x00007ffa69e93ff8:   e8 ca 16 07 00 48 8d 4c 24 20 ff 15 e8 4a 16 00
0x00007ffa69e94008:   48 8b 8c 24 c0 00 00 00 48 33 cc e8 a8 e6 06 00
0x00007ffa69e94018:   48 81 c4 d8 00 00 00 c3 83 64 24 38 00 eb d6 cc 


Register to memory mapping:

RAX=0x0000000000000003 is an unknown value
RBX=0x0000000180060840 is an unknown value
RCX=0x0000000000000003 is an unknown value
RDX=0x0000000000000000 is an unknown value
RSP=0x000000002110ed40 is pointing into the stack for thread: 0x0000000020852800
RBP=0x000000002110ee80 is pointing into the stack for thread: 0x0000000020852800
RSI=0x0000000000000001 is an unknown value
RDI=0x000000002110eeb0 is pointing into the stack for thread: 0x0000000020852800
R8 =0xfffffffe00000000 is an unknown value
R9 =0x0000000000000000 is an unknown value
R10=0x0000000003296da8 is an unknown value
R11=0x0000000003290150 is an unknown value
R12=0x00000000032bf428 is an unknown value
R13=0x00000000032bf3e0 is an unknown value
R14=0x00000000032bf410 is an unknown value
R15=0x0000000000000000 is an unknown value


Stack: [0x0000000021010000,0x0000000021110000],  sp=0x000000002110ed40,  free space=1019k
Native frames: (J=compiled Java code, j=interpreted, Vv=VM code, C=native code)
C  [KERNELBASE.dll+0x14008]
C  [MSVCR120.dll+0x5ef63]
C  [pteidlibj.dll+0x38b14]
C  [pteidlibj.dll+0x22be4]
C  [pteidlibj.dll+0x22e66]
C  [ntdll.dll+0x11493]
C  [ntdll.dll+0x406b5]
C  [ntdll.dll+0x40574]
C  [KERNEL32.DLL+0xf06a]
C  [msvcr100.dll+0x20ccd]
C  [jdwp.dll+0xc8b9]
C  [jdwp.dll+0xa2ea]
C  [jdwp.dll+0xf168]
C  [jdwp.dll+0x1f5b9]
C  [jdwp.dll+0x1f78e]
V  [jvm.dll+0x1bd7da]
V  [jvm.dll+0x24533f]
V  [jvm.dll+0x29cc4a]
C  [msvcr100.dll+0x21d9f]
C  [msvcr100.dll+0x21e3b]
C  [KERNEL32.DLL+0x11fe4]
C  [ntdll.dll+0x6efc1]


---------------  P R O C E S S  ---------------

Java Threads: ( => current thread )
  0x000000002091e800 JavaThread "Service Thread" daemon [_thread_blocked, id=100, stack(0x0000000021710000,0x0000000021810000)]
  0x0000000020883000 JavaThread "C1 CompilerThread3" daemon [_thread_blocked, id=7616, stack(0x0000000021610000,0x0000000021710000)]
  0x000000002087f000 JavaThread "C2 CompilerThread2" daemon [_thread_blocked, id=5116, stack(0x0000000021510000,0x0000000021610000)]
  0x000000002087e800 JavaThread "C2 CompilerThread1" daemon [_thread_blocked, id=8016, stack(0x0000000021410000,0x0000000021510000)]
  0x0000000020878000 JavaThread "C2 CompilerThread0" daemon [_thread_blocked, id=7696, stack(0x0000000021310000,0x0000000021410000)]
  0x000000002085e800 JavaThread "JDWP Event Helper Thread" daemon [_thread_blocked, id=4464, stack(0x0000000021110000,0x0000000021210000)]
=>0x0000000020852800 JavaThread "JDWP Transport Listener: dt_shmem" daemon [_thread_in_native, id=9512, stack(0x0000000021010000,0x0000000021110000)]
  0x000000002084b000 JavaThread "Attach Listener" daemon [_thread_blocked, id=7456, stack(0x0000000020f10000,0x0000000021010000)]
  0x000000002084a000 JavaThread "Signal Dispatcher" daemon [_thread_blocked, id=4104, stack(0x0000000020e10000,0x0000000020f10000)]
  0x0000000020840800 JavaThread "Finalizer" daemon [_thread_blocked, id=8112, stack(0x0000000020c20000,0x0000000020d20000)]
  0x000000001e92d800 JavaThread "Reference Handler" daemon [_thread_blocked, id=7932, stack(0x0000000020720000,0x0000000020820000)]
  0x0000000004ff2800 JavaThread "main" [_thread_blocked, id=2372, stack(0x0000000004ef0000,0x0000000004ff0000)]

Other Threads:
  0x000000001e929800 VMThread [stack: 0x0000000020620000,0x0000000020720000] [id=7980]
  0x0000000020921800 WatcherThread [stack: 0x0000000021810000,0x0000000021910000] [id=5636]

VM state:not at safepoint (normal execution)

VM Mutex/Monitor currently owned by a thread: None

Heap:
 PSYoungGen      total 75264K, used 6928K [0x000000076c500000, 0x0000000771900000, 0x00000007c0000000)
  eden space 64512K, 10% used [0x000000076c500000,0x000000076cbc43d8,0x0000000770400000)
  from space 10752K, 0% used [0x0000000770e80000,0x0000000770e80000,0x0000000771900000)
  to   space 10752K, 0% used [0x0000000770400000,0x0000000770400000,0x0000000770e80000)
 ParOldGen       total 172032K, used 0K [0x00000006c4e00000, 0x00000006cf600000, 0x000000076c500000)
  object space 172032K, 0% used [0x00000006c4e00000,0x00000006c4e00000,0x00000006cf600000)
 Metaspace       used 4786K, capacity 4888K, committed 5248K, reserved 1056768K
  class space    used 498K, capacity 528K, committed 640K, reserved 1048576K

Card table byte_map: [0x00000000144b0000,0x0000000014c90000] byte_map_base: 0x0000000010e89000

Marking Bits: (ParMarkBitMap*) 0x000000006a2cf860
 Begin Bits: [0x00000000159d0000, 0x0000000019898000)
 End Bits:   [0x0000000019898000, 0x000000001d760000)

Polling page: 0x0000000000de0000

CodeCache: size=245760Kb used=1456Kb max_used=1456Kb free=244303Kb
 bounds [0x00000000050f0000, 0x0000000005360000, 0x00000000140f0000]
 total_blobs=451 nmethods=167 adapters=205
 compilation: enabled

Compilation events (10 events):
Event: 3.624 Thread 0x0000000020883000  162       3       java.io.OutputStreamWriter::flushBuffer (8 bytes)
Event: 3.624 Thread 0x0000000020883000 nmethod 162 0x0000000005259a10 code [0x0000000005259b80, 0x0000000005259d28]
Event: 3.624 Thread 0x0000000020883000  164   !   3       sun.nio.cs.StreamEncoder::flushBuffer (42 bytes)
Event: 3.624 Thread 0x0000000020883000 nmethod 164 0x0000000005259dd0 code [0x0000000005259f80, 0x000000000525a558]
Event: 3.624 Thread 0x0000000020883000  165       3       sun.nio.cs.StreamEncoder::implFlushBuffer (15 bytes)
Event: 3.625 Thread 0x0000000020883000 nmethod 165 0x000000000525a850 code [0x000000000525a9c0, 0x000000000525ac28]
Event: 3.625 Thread 0x0000000020883000  166       3       sun.nio.cs.StreamEncoder::writeBytes (132 bytes)
Event: 3.625 Thread 0x0000000020883000 nmethod 166 0x000000000525ad10 code [0x000000000525af40, 0x000000000525bb98]
Event: 3.625 Thread 0x0000000020883000  167   !   3       java.io.PrintStream::write (69 bytes)
Event: 3.625 Thread 0x0000000020883000 nmethod 167 0x000000000525c150 code [0x000000000525c320, 0x000000000525cad8]

GC Heap History (0 events):
No events

Deoptimization events (1 events):
Event: 0.091 Thread 0x0000000004ff2800 Uncommon trap: reason=unstable_if action=reinterpret pc=0x000000000520bf90 method=java.lang.String.equals(Ljava/lang/Object;)Z @ 2

Classes redefined (0 events):
No events

Internal exceptions (6 events):
Event: 0.029 Thread 0x0000000004ff2800 Exception <a 'java/lang/NoSuchMethodError': Method sun.misc.Unsafe.defineClass(Ljava/lang/String;[BII)Ljava/lang/Class; name or signature does not match> (0x000000076c507ca0) thrown at [C:\re\workspace\8-2-build-windows-amd64-cygwin\jdk8u161\10277\hotspot
Event: 0.029 Thread 0x0000000004ff2800 Exception <a 'java/lang/NoSuchMethodError': Method sun.misc.Unsafe.prefetchRead(Ljava/lang/Object;J)V name or signature does not match> (0x000000076c507f88) thrown at [C:\re\workspace\8-2-build-windows-amd64-cygwin\jdk8u161\10277\hotspot\src\share\vm\prim
Event: 3.609 Thread 0x0000000004ff2800 Exception <a 'java/security/PrivilegedActionException'> (0x000000076ca4c808) thrown at [C:\re\workspace\8-2-build-windows-amd64-cygwin\jdk8u161\10277\hotspot\src\share\vm\prims\jvm.cpp, line 1390]
Event: 3.609 Thread 0x0000000004ff2800 Exception <a 'java/security/PrivilegedActionException'> (0x000000076ca4cc00) thrown at [C:\re\workspace\8-2-build-windows-amd64-cygwin\jdk8u161\10277\hotspot\src\share\vm\prims\jvm.cpp, line 1390]
Event: 3.610 Thread 0x0000000004ff2800 Exception <a 'java/security/PrivilegedActionException'> (0x000000076ca50cf8) thrown at [C:\re\workspace\8-2-build-windows-amd64-cygwin\jdk8u161\10277\hotspot\src\share\vm\prims\jvm.cpp, line 1390]
Event: 3.610 Thread 0x0000000004ff2800 Exception <a 'java/security/PrivilegedActionException'> (0x000000076ca510f0) thrown at [C:\re\workspace\8-2-build-windows-amd64-cygwin\jdk8u161\10277\hotspot\src\share\vm\prims\jvm.cpp, line 1390]

Events (10 events):
Event: 22.036 Executing VM operation: GetOrSetLocal done
Event: 22.053 loading class cpv_result
Event: 22.053 loading class cpv_result done
Event: 22.057 Executing VM operation: GetCurrentContendedMonitor
Event: 22.057 Executing VM operation: GetCurrentContendedMonitor done
Event: 22.057 Executing VM operation: GetOwnedMonitorInfo
Event: 22.057 Executing VM operation: GetOwnedMonitorInfo done
Event: 50.275 Executing VM operation: GetOrSetLocal
Event: 50.275 Executing VM operation: GetOrSetLocal done
Event: 348.251 Thread 0x0000000020871800 Thread exited: 0x0000000020871800


Dynamic libraries:
0x00007ff610d50000 - 0x00007ff610d87000 	C:\Program Files\Java\jdk1.8.0_161\bin\java.exe
0x00007ffa6da10000 - 0x00007ffa6dbf0000 	C:\WINDOWS\SYSTEM32\ntdll.dll
0x00007ffa6b700000 - 0x00007ffa6b7ae000 	C:\WINDOWS\System32\KERNEL32.DLL
0x00007ffa69e80000 - 0x00007ffa6a0e6000 	C:\WINDOWS\System32\KERNELBASE.dll
0x00007ffa6d560000 - 0x00007ffa6d601000 	C:\WINDOWS\System32\ADVAPI32.dll
0x00007ffa6b120000 - 0x00007ffa6b1bd000 	C:\WINDOWS\System32\msvcrt.dll
0x00007ffa6b9a0000 - 0x00007ffa6b9fb000 	C:\WINDOWS\System32\sechost.dll
0x00007ffa6d670000 - 0x00007ffa6d78f000 	C:\WINDOWS\System32\RPCRT4.dll
0x00007ffa6cf70000 - 0x00007ffa6d0ff000 	C:\WINDOWS\System32\USER32.dll
0x00007ffa69e10000 - 0x00007ffa69e30000 	C:\WINDOWS\System32\win32u.dll
0x00007ffa6b7b0000 - 0x00007ffa6b7d8000 	C:\WINDOWS\System32\GDI32.dll
0x00007ffa6ad40000 - 0x00007ffa6aed3000 	C:\WINDOWS\System32\gdi32full.dll
0x00007ffa6aca0000 - 0x00007ffa6ad3b000 	C:\WINDOWS\System32\msvcp_win.dll
0x00007ffa6a450000 - 0x00007ffa6a546000 	C:\WINDOWS\System32\ucrtbase.dll
0x00007ffa56160000 - 0x00007ffa563c9000 	C:\WINDOWS\WinSxS\amd64_microsoft.windows.common-controls_6595b64144ccf1df_6.0.16299.248_none_15ced204935f55d7\COMCTL32.dll
0x00007ffa6b1c0000 - 0x00007ffa6b4c8000 	C:\WINDOWS\System32\combase.dll
0x00007ffa6a150000 - 0x00007ffa6a1c2000 	C:\WINDOWS\System32\bcryptPrimitives.dll
0x00007ffa6b5d0000 - 0x00007ffa6b5fd000 	C:\WINDOWS\System32\IMM32.DLL
0x00000000699d0000 - 0x0000000069aa2000 	C:\Program Files\Java\jdk1.8.0_161\jre\bin\msvcr100.dll
0x0000000069ab0000 - 0x000000006a34f000 	C:\Program Files\Java\jdk1.8.0_161\jre\bin\server\jvm.dll
0x00007ffa6bb20000 - 0x00007ffa6bb28000 	C:\WINDOWS\System32\PSAPI.DLL
0x00007ffa673f0000 - 0x00007ffa67413000 	C:\WINDOWS\SYSTEM32\WINMM.dll
0x00007ffa603f0000 - 0x00007ffa603f9000 	C:\WINDOWS\SYSTEM32\WSOCK32.dll
0x00007ffa6b7e0000 - 0x00007ffa6b84c000 	C:\WINDOWS\System32\WS2_32.dll
0x00007ffa602c0000 - 0x00007ffa602ca000 	C:\WINDOWS\SYSTEM32\VERSION.dll
0x00007ffa66f90000 - 0x00007ffa66fba000 	C:\WINDOWS\SYSTEM32\WINMMBASE.dll
0x00007ffa69e30000 - 0x00007ffa69e7a000 	C:\WINDOWS\System32\cfgmgr32.dll
0x0000000069980000 - 0x000000006998f000 	C:\Program Files\Java\jdk1.8.0_161\jre\bin\verify.dll
0x0000000069950000 - 0x0000000069979000 	C:\Program Files\Java\jdk1.8.0_161\jre\bin\java.dll
0x0000000069620000 - 0x0000000069655000 	C:\Program Files\Java\jdk1.8.0_161\jre\bin\jdwp.dll
0x0000000069610000 - 0x0000000069618000 	C:\Program Files\Java\jdk1.8.0_161\jre\bin\npt.dll
0x0000000069930000 - 0x0000000069946000 	C:\Program Files\Java\jdk1.8.0_161\jre\bin\zip.dll
0x00007ffa6bb30000 - 0x00007ffa6cf66000 	C:\WINDOWS\System32\SHELL32.dll
0x00007ffa6d790000 - 0x00007ffa6d836000 	C:\WINDOWS\System32\shcore.dll
0x00007ffa6a550000 - 0x00007ffa6ac97000 	C:\WINDOWS\System32\windows.storage.dll
0x00007ffa6b6a0000 - 0x00007ffa6b6f1000 	C:\WINDOWS\System32\shlwapi.dll
0x00007ffa69df0000 - 0x00007ffa69e01000 	C:\WINDOWS\System32\kernel.appcore.dll
0x00007ffa69da0000 - 0x00007ffa69dec000 	C:\WINDOWS\System32\powrprof.dll
0x00007ffa69d60000 - 0x00007ffa69d7b000 	C:\WINDOWS\System32\profapi.dll
0x0000000069660000 - 0x000000006966b000 	C:\Program Files\Java\jdk1.8.0_161\jre\bin\dt_shmem.dll
0x0000000180000000 - 0x000000018007f000 	C:\Windows\System32\pteidlibj.dll
0x00007ffa4d330000 - 0x00007ffa4d41f000 	C:\WINDOWS\SYSTEM32\MSVCR120.dll
0x00007ffa4d280000 - 0x00007ffa4d326000 	C:\WINDOWS\SYSTEM32\MSVCP120.dll
0x0000000004eb0000 - 0x0000000004ed3000 	C:\WINDOWS\SYSTEM32\pteidcommon.dll
0x0000000021920000 - 0x000000002199b000 	C:\WINDOWS\SYSTEM32\pteidapplayer.dll
0x00007ffa6a280000 - 0x00007ffa6a44e000 	C:\WINDOWS\System32\CRYPT32.dll
0x00007ffa69d80000 - 0x00007ffa69d92000 	C:\WINDOWS\System32\MSASN1.dll
0x00007ffa4d070000 - 0x00007ffa4d275000 	C:\WINDOWS\SYSTEM32\LIBEAY32.dll
0x00007ffa4d010000 - 0x00007ffa4d06a000 	C:\WINDOWS\SYSTEM32\SSLEAY32.dll
0x00007ffa534e0000 - 0x00007ffa5352f000 	C:\WINDOWS\SYSTEM32\libcurl.dll
0x00007ffa6d610000 - 0x00007ffa6d66e000 	C:\WINDOWS\System32\WLDAP32.dll
0x00000000219c0000 - 0x0000000021c21000 	C:\WINDOWS\SYSTEM32\xerces-c_3_1.dll
0x0000000021c40000 - 0x0000000021d53000 	C:\WINDOWS\SYSTEM32\FreeImage.dll
0x0000000021d60000 - 0x0000000021e40000 	C:\WINDOWS\SYSTEM32\pteid-poppler.dll
0x0000000021e40000 - 0x0000000021f2a000 	C:\WINDOWS\SYSTEM32\xsec_1_7.dll
0x0000000021f40000 - 0x0000000021f79000 	C:\WINDOWS\SYSTEM32\pteidcardlayer.dll
0x00007ffa5fbf0000 - 0x00007ffa5fc30000 	C:\WINDOWS\SYSTEM32\WinSCard.dll
0x00007ffa69b70000 - 0x00007ffa69b97000 	C:\WINDOWS\SYSTEM32\DEVOBJ.dll
0x0000000021fa0000 - 0x0000000022080000 	C:\WINDOWS\SYSTEM32\pteidDlgsWin32.dll
0x00007ffa68ed0000 - 0x00007ffa68f25000 	C:\WINDOWS\SYSTEM32\WINSTA.dll
0x00007ffa69380000 - 0x00007ffa693b9000 	C:\WINDOWS\SYSTEM32\IPHLPAPI.DLL
0x00007ffa6ba00000 - 0x00007ffa6ba08000 	C:\WINDOWS\System32\NSI.dll
0x00007ffa64920000 - 0x00007ffa64936000 	C:\WINDOWS\SYSTEM32\dhcpcsvc6.DLL
0x00007ffa64900000 - 0x00007ffa6491a000 	C:\WINDOWS\SYSTEM32\dhcpcsvc.DLL
0x00007ffa695f0000 - 0x00007ffa69656000 	C:\WINDOWS\system32\mswsock.dll
0x00007ffa693c0000 - 0x00007ffa69476000 	C:\WINDOWS\SYSTEM32\DNSAPI.dll
0x00007ffa645b0000 - 0x00007ffa645ba000 	C:\Windows\System32\rasadhlp.dll
0x00007ffa5e630000 - 0x00007ffa5e7f8000 	C:\WINDOWS\SYSTEM32\dbghelp.dll

VM Arguments:
jvm_args: -Xdebug -Xrunjdwp:transport=dt_shmem,address=javadebug -Dfile.encoding=UTF-8 
java_command: AppPackage.AuthenticityProjectMain
java_class_path (initial): C:\Users\João Saraiva\Documents\GitHub\ProjetoFinal\AuthenticityProjectOldVersion\libraries\pteidlibj.jar;C:\Users\João Saraiva\Documents\GitHub\ProjetoFinal\AuthenticityProjectOldVersion\libraries\bcprov-jdk15on-159.jar;C:\Users\João Saraiva\Documents\GitHub\ProjetoFinal\AuthenticityProjectOldVersion\build\classes
Launcher Type: SUN_STANDARD

Environment Variables:
CLASSPATH=C:\Program Files\Portugal Identity Card
PATH=C:\ProgramData\Oracle\Java\javapath;C:\WINDOWS\system32;C:\WINDOWS;C:\WINDOWS\System32\Wbem;C:\WINDOWS\System32\WindowsPowerShell\v1.0\;C:\Program Files\Portugal Identity Card;C:\Program Files (x86)\Java\jre1.8.0_161\bin;C:\Program Files\Microsoft VS Code\bin;C:\Users\João Saraiva\AppData\Local\Microsoft\WindowsApps;C:\Users\João Saraiva\AppData\Local\GitHubDesktop\bin
USERNAME=João Saraiva
OS=Windows_NT
PROCESSOR_IDENTIFIER=Intel64 Family 6 Model 60 Stepping 3, GenuineIntel



---------------  S Y S T E M  ---------------

OS: Windows 10.0 , 64 bit Build 16299 (10.0.16299.15)

CPU:total 8 (initial active 8) (4 cores per cpu, 2 threads per core) family 6 model 60 stepping 3, cmov, cx8, fxsr, mmx, sse, sse2, sse3, ssse3, sse4.1, sse4.2, popcnt, avx, avx2, aes, clmul, erms, lzcnt, ht, tsc, tscinvbit, bmi1, bmi2

Memory: 4k page, physical 16453392k(11630272k free), swap 18943760k(13461088k free)

vm_info: Java HotSpot(TM) 64-Bit Server VM (25.161-b12) for windows-amd64 JRE (1.8.0_161-b12), built on Dec 19 2017 17:52:25 by "java_re" with MS VC++ 10.0 (VS2010)

time: Fri Mar 02 17:01:22 2018
elapsed time: 348 seconds (0d 0h 5m 48s)

