#
# A fatal error has been detected by the Java Runtime Environment:
#
#  EXCEPTION_UNCAUGHT_CXX_EXCEPTION (0xe06d7363) at pc=0x00007ffa69e94008, pid=6120, tid=0x00000000000004c8
#
# JRE version: Java(TM) SE Runtime Environment (8.0_161-b12) (build 1.8.0_161-b12)
# Java VM: Java HotSpot(TM) 64-Bit Server VM (25.161-b12 mixed mode windows-amd64 compressed oops)
# Problematic frame:
# C  [KERNELBASE.dll+0x14008]
#
# Failed to write core dump. Minidumps are not enabled by default on client versions of Windows
#
# If you would like to submit a bug report, please visit:
#   http://bugreport.java.com/bugreport/crash.jsp
#

---------------  T H R E A D  ---------------

Current thread (0x000000001eab9800):  VMThread [stack: 0x00000000207a0000,0x00000000208a0000] [id=1224]

siginfo: ExceptionCode=0xe06d7363, ExceptionInformation=0x0000000019930520 0x000000002089f690 0x0000000180060840 0x0000000180000000 

Registers:
RAX=0x0000000000000271, RBX=0x0000000180060840, RCX=0x0000000000000271, RDX=0x0000000000000000
RSP=0x000000002089f520, RBP=0x000000002089f660, RSI=0x0000000000000001, RDI=0x000000002089f690
R8 =0xffffff0800000000, R9 =0x0000000000000000, R10=0x0000000003316a64, R11=0x0000000003310150
R12=0x0000000003347d38, R13=0x0000000003347cf0, R14=0x0000000003347d20, R15=0x0000000000000000
RIP=0x00007ffa69e94008, EFLAGS=0x0000000000000206

Top of Stack: (sp=0x000000002089f520)
0x000000002089f520:   0000000000000000 0000000180060840
0x000000002089f530:   0000000000000001 000000002089f690
0x000000002089f540:   00000001e06d7363 0000000000000000
0x000000002089f550:   00007ffa69e94008 0000000000000004
0x000000002089f560:   0000000019930520 000000002089f690
0x000000002089f570:   0000000180060840 0000000180000000
0x000000002089f580:   0000000003347d38 000000002089f690
0x000000002089f590:   0000000000000001 000000002089f670
0x000000002089f5a0:   000000002089f660 00007ffa6da8c66f
0x000000002089f5b0:   0000000003347cf0 00007ffa00000000
0x000000002089f5c0:   0000000000000001 000000001e945400
0x000000002089f5d0:   0000000180077000 0000000180000000
0x000000002089f5e0:   0000f8754d837a69 00004dba95e04811
0x000000002089f5f0:   0000000180060840 00007ffa4eccef63
0x000000002089f600:   0000000003347cf0 0000000003347d38
0x000000002089f610:   000000002089f678 0000000000000001 

Instructions: (pc=0x00007ffa69e94008)
0x00007ffa69e93fe8:   49 8b d1 44 0f 47 c0 44 89 44 24 38 49 c1 e0 03
0x00007ffa69e93ff8:   e8 ca 16 07 00 48 8d 4c 24 20 ff 15 e8 4a 16 00
0x00007ffa69e94008:   48 8b 8c 24 c0 00 00 00 48 33 cc e8 a8 e6 06 00
0x00007ffa69e94018:   48 81 c4 d8 00 00 00 c3 83 64 24 38 00 eb d6 cc 


Register to memory mapping:

RAX=0x0000000000000271 is an unknown value
RBX=0x0000000180060840 is an unknown value
RCX=0x0000000000000271 is an unknown value
RDX=0x0000000000000000 is an unknown value
RSP=0x000000002089f520 is an unknown value
RBP=0x000000002089f660 is an unknown value
RSI=0x0000000000000001 is an unknown value
RDI=0x000000002089f690 is an unknown value
R8 =0xffffff0800000000 is an unknown value
R9 =0x0000000000000000 is an unknown value
R10=0x0000000003316a64 is an unknown value
R11=0x0000000003310150 is an unknown value
R12=0x0000000003347d38 is an unknown value
R13=0x0000000003347cf0 is an unknown value
R14=0x0000000003347d20 is an unknown value
R15=0x0000000000000000 is an unknown value


Stack: [0x00000000207a0000,0x00000000208a0000],  sp=0x000000002089f520,  free space=1021k
Native frames: (J=compiled Java code, j=interpreted, Vv=VM code, C=native code)
C  [KERNELBASE.dll+0x14008]
C  [MSVCR120.dll+0x5ef63]
C  [pteidlibj.dll+0x38b14]
C  [pteidlibj.dll+0x22be4]
C  [pteidlibj.dll+0x22e66]
C  [ntdll.dll+0x11493]
C  [ntdll.dll+0x406b5]
C  [ntdll.dll+0x40574]
C  [KERNEL32.DLL+0xf06a]
C  [msvcr100.dll+0x20ccd]
V  [jvm.dll+0x212e95]
V  [jvm.dll+0x24c227]
V  [jvm.dll+0x24b4c6]
V  [jvm.dll+0x24b961]
V  [jvm.dll+0x24bb7e]
V  [jvm.dll+0x29cc4a]
C  [msvcr100.dll+0x21d9f]
C  [msvcr100.dll+0x21e3b]
C  [KERNEL32.DLL+0x11fe4]
C  [ntdll.dll+0x6efc1]

VM_Operation (0x00000000050fee30): Exit, mode: safepoint, requested by thread 0x0000000005121000


---------------  P R O C E S S  ---------------

Java Threads: ( => current thread )
  0x00000000209f4000 JavaThread "Service Thread" daemon [_thread_blocked, id=7972, stack(0x00000000215a0000,0x00000000216a0000)]
  0x00000000209d5800 JavaThread "C1 CompilerThread3" daemon [_thread_blocked, id=1364, stack(0x00000000214a0000,0x00000000215a0000)]
  0x00000000209d2800 JavaThread "C2 CompilerThread2" daemon [_thread_blocked, id=9480, stack(0x00000000213a0000,0x00000000214a0000)]
  0x00000000209cc000 JavaThread "C2 CompilerThread1" daemon [_thread_blocked, id=6192, stack(0x00000000212a0000,0x00000000213a0000)]
  0x00000000209c9000 JavaThread "C2 CompilerThread0" daemon [_thread_blocked, id=7504, stack(0x00000000211a0000,0x00000000212a0000)]
  0x00000000209c8000 JavaThread "Attach Listener" daemon [_thread_blocked, id=8084, stack(0x00000000210a0000,0x00000000211a0000)]
  0x00000000209c7000 JavaThread "Signal Dispatcher" daemon [_thread_blocked, id=5712, stack(0x0000000020fa0000,0x00000000210a0000)]
  0x0000000005219800 JavaThread "Finalizer" daemon [_thread_blocked, id=3032, stack(0x0000000020da0000,0x0000000020ea0000)]
  0x0000000005218000 JavaThread "Reference Handler" daemon [_thread_blocked, id=3760, stack(0x00000000208a0000,0x00000000209a0000)]
  0x0000000005121000 JavaThread "main" [_thread_blocked, id=7692, stack(0x0000000005000000,0x0000000005100000)]

Other Threads:
=>0x000000001eab9800 VMThread [stack: 0x00000000207a0000,0x00000000208a0000] [id=1224]

VM state:at safepoint (shutting down)

VM Mutex/Monitor currently owned by a thread:  ([mutex/lock_event])
[0x000000000510bf20] Threads_lock - owner thread: 0x000000001eab9800

Heap:
 PSYoungGen      total 75264K, used 4340K [0x000000076c500000, 0x0000000771900000, 0x00000007c0000000)
  eden space 64512K, 6% used [0x000000076c500000,0x000000076c93d1d0,0x0000000770400000)
  from space 10752K, 0% used [0x0000000770e80000,0x0000000770e80000,0x0000000771900000)
  to   space 10752K, 0% used [0x0000000770400000,0x0000000770400000,0x0000000770e80000)
 ParOldGen       total 172032K, used 0K [0x00000006c4e00000, 0x00000006cf600000, 0x000000076c500000)
  object space 172032K, 0% used [0x00000006c4e00000,0x00000006c4e00000,0x00000006cf600000)
 Metaspace       used 4169K, capacity 4856K, committed 5120K, reserved 1056768K
  class space    used 437K, capacity 496K, committed 512K, reserved 1048576K

Card table byte_map: [0x00000000145f0000,0x0000000014dd0000] byte_map_base: 0x0000000010fc9000

Marking Bits: (ParMarkBitMap*) 0x000000006a2cf860
 Begin Bits: [0x0000000015b10000, 0x00000000199d8000)
 End Bits:   [0x00000000199d8000, 0x000000001d8a0000)

Polling page: 0x0000000000fd0000

CodeCache: size=245760Kb used=1241Kb max_used=1241Kb free=244518Kb
 bounds [0x0000000005230000, 0x00000000054a0000, 0x0000000014230000]
 total_blobs=373 nmethods=87 adapters=199
 compilation: enabled

Compilation events (10 events):
Event: 2.045 Thread 0x00000000209d5800   83       3       sun.security.util.ObjectIdentifier::checkOtherComponent (39 bytes)
Event: 2.045 Thread 0x00000000209d5800 nmethod 83 0x0000000005362850 code [0x0000000005362a40, 0x0000000005363388]
Event: 2.046 Thread 0x00000000209d5800   84       3       sun.security.util.ObjectIdentifier::pack (219 bytes)
Event: 2.046 Thread 0x00000000209d5800 nmethod 84 0x0000000005361d10 code [0x0000000005361ea0, 0x00000000053624e8]
Event: 2.048 Thread 0x00000000209d5800   85  s    3       java.io.ByteArrayInputStream::read (36 bytes)
Event: 2.048 Thread 0x00000000209d5800 nmethod 85 0x0000000005365c50 code [0x0000000005365dc0, 0x0000000005366110]
Event: 2.048 Thread 0x00000000209d5800   86       3       java.net.URI$Parser::charAt (9 bytes)
Event: 2.048 Thread 0x00000000209d5800 nmethod 86 0x0000000005366210 code [0x0000000005366380, 0x00000000053666c8]
Event: 2.049 Thread 0x00000000209d5800   87       1       java.nio.Buffer::limit (5 bytes)
Event: 2.049 Thread 0x00000000209d5800 nmethod 87 0x0000000005366850 code [0x00000000053669a0, 0x0000000005366ab0]

GC Heap History (0 events):
No events

Deoptimization events (0 events):
No events

Classes redefined (0 events):
No events

Internal exceptions (2 events):
Event: 0.024 Thread 0x0000000005121000 Exception <a 'java/lang/NoSuchMethodError': Method sun.misc.Unsafe.defineClass(Ljava/lang/String;[BII)Ljava/lang/Class; name or signature does not match> (0x000000076c507ca0) thrown at [C:\re\workspace\8-2-build-windows-amd64-cygwin\jdk8u161\10277\hotspot
Event: 0.024 Thread 0x0000000005121000 Exception <a 'java/lang/NoSuchMethodError': Method sun.misc.Unsafe.prefetchRead(Ljava/lang/Object;J)V name or signature does not match> (0x000000076c507f88) thrown at [C:\re\workspace\8-2-build-windows-amd64-cygwin\jdk8u161\10277\hotspot\src\share\vm\prim

Events (10 events):
Event: 2.049 loading class java/lang/Throwable$WrappedPrintStream done
Event: 2.049 loading class java/util/IdentityHashMap
Event: 2.049 loading class java/util/IdentityHashMap done
Event: 2.049 loading class java/util/IdentityHashMap$KeySet
Event: 2.049 loading class java/util/IdentityHashMap$KeySet done
Event: 2.049 loading class java/lang/Shutdown
Event: 2.049 loading class java/lang/Shutdown done
Event: 2.049 loading class java/lang/Shutdown$Lock
Event: 2.049 loading class java/lang/Shutdown$Lock done
Event: 2.049 Executing VM operation: Exit


Dynamic libraries:
0x00007ff7c77c0000 - 0x00007ff7c77f7000 	C:\Program Files\Java\jdk1.8.0_161\bin\java.exe
0x00007ffa6da10000 - 0x00007ffa6dbf0000 	C:\WINDOWS\SYSTEM32\ntdll.dll
0x00007ffa6b700000 - 0x00007ffa6b7ae000 	C:\WINDOWS\System32\KERNEL32.DLL
0x00007ffa69e80000 - 0x00007ffa6a0e6000 	C:\WINDOWS\System32\KERNELBASE.dll
0x00007ffa6d560000 - 0x00007ffa6d601000 	C:\WINDOWS\System32\ADVAPI32.dll
0x00007ffa6b120000 - 0x00007ffa6b1bd000 	C:\WINDOWS\System32\msvcrt.dll
0x00007ffa6b9a0000 - 0x00007ffa6b9fb000 	C:\WINDOWS\System32\sechost.dll
0x00007ffa6d670000 - 0x00007ffa6d78f000 	C:\WINDOWS\System32\RPCRT4.dll
0x00007ffa6cf70000 - 0x00007ffa6d0ff000 	C:\WINDOWS\System32\USER32.dll
0x00007ffa69e10000 - 0x00007ffa69e30000 	C:\WINDOWS\System32\win32u.dll
0x00007ffa6b7b0000 - 0x00007ffa6b7d8000 	C:\WINDOWS\System32\GDI32.dll
0x00007ffa6ad40000 - 0x00007ffa6aed3000 	C:\WINDOWS\System32\gdi32full.dll
0x00007ffa6aca0000 - 0x00007ffa6ad3b000 	C:\WINDOWS\System32\msvcp_win.dll
0x00007ffa6a450000 - 0x00007ffa6a546000 	C:\WINDOWS\System32\ucrtbase.dll
0x00007ffa56160000 - 0x00007ffa563c9000 	C:\WINDOWS\WinSxS\amd64_microsoft.windows.common-controls_6595b64144ccf1df_6.0.16299.248_none_15ced204935f55d7\COMCTL32.dll
0x00007ffa6b1c0000 - 0x00007ffa6b4c8000 	C:\WINDOWS\System32\combase.dll
0x00007ffa6a150000 - 0x00007ffa6a1c2000 	C:\WINDOWS\System32\bcryptPrimitives.dll
0x00007ffa6b5d0000 - 0x00007ffa6b5fd000 	C:\WINDOWS\System32\IMM32.DLL
0x00000000699d0000 - 0x0000000069aa2000 	C:\Program Files\Java\jdk1.8.0_161\jre\bin\msvcr100.dll
0x0000000069ab0000 - 0x000000006a34f000 	C:\Program Files\Java\jdk1.8.0_161\jre\bin\server\jvm.dll
0x00007ffa6bb20000 - 0x00007ffa6bb28000 	C:\WINDOWS\System32\PSAPI.DLL
0x00007ffa65790000 - 0x00007ffa65799000 	C:\WINDOWS\SYSTEM32\WSOCK32.dll
0x00007ffa673f0000 - 0x00007ffa67413000 	C:\WINDOWS\SYSTEM32\WINMM.dll
0x00007ffa6b7e0000 - 0x00007ffa6b84c000 	C:\WINDOWS\System32\WS2_32.dll
0x00007ffa602c0000 - 0x00007ffa602ca000 	C:\WINDOWS\SYSTEM32\VERSION.dll
0x00007ffa66f90000 - 0x00007ffa66fba000 	C:\WINDOWS\SYSTEM32\WINMMBASE.dll
0x00007ffa69e30000 - 0x00007ffa69e7a000 	C:\WINDOWS\System32\cfgmgr32.dll
0x0000000069980000 - 0x000000006998f000 	C:\Program Files\Java\jdk1.8.0_161\jre\bin\verify.dll
0x0000000069950000 - 0x0000000069979000 	C:\Program Files\Java\jdk1.8.0_161\jre\bin\java.dll
0x0000000069930000 - 0x0000000069946000 	C:\Program Files\Java\jdk1.8.0_161\jre\bin\zip.dll
0x00007ffa6bb30000 - 0x00007ffa6cf66000 	C:\WINDOWS\System32\SHELL32.dll
0x00007ffa6d790000 - 0x00007ffa6d836000 	C:\WINDOWS\System32\shcore.dll
0x00007ffa6a550000 - 0x00007ffa6ac97000 	C:\WINDOWS\System32\windows.storage.dll
0x00007ffa6b6a0000 - 0x00007ffa6b6f1000 	C:\WINDOWS\System32\shlwapi.dll
0x00007ffa69df0000 - 0x00007ffa69e01000 	C:\WINDOWS\System32\kernel.appcore.dll
0x00007ffa69da0000 - 0x00007ffa69dec000 	C:\WINDOWS\System32\powrprof.dll
0x00007ffa69d60000 - 0x00007ffa69d7b000 	C:\WINDOWS\System32\profapi.dll
0x0000000180000000 - 0x000000018007f000 	C:\Windows\System32\pteidlibj.dll
0x00007ffa50810000 - 0x00007ffa508b6000 	C:\WINDOWS\SYSTEM32\MSVCP120.dll
0x00007ffa4ec70000 - 0x00007ffa4ed5f000 	C:\WINDOWS\SYSTEM32\MSVCR120.dll
0x00000000217b0000 - 0x000000002182b000 	C:\WINDOWS\SYSTEM32\pteidapplayer.dll
0x00007ffa6a280000 - 0x00007ffa6a44e000 	C:\WINDOWS\System32\CRYPT32.dll
0x00007ffa69d80000 - 0x00007ffa69d92000 	C:\WINDOWS\System32\MSASN1.dll
0x0000000021840000 - 0x0000000021863000 	C:\WINDOWS\SYSTEM32\pteidcommon.dll
0x00007ffa5d490000 - 0x00007ffa5d4ea000 	C:\WINDOWS\SYSTEM32\SSLEAY32.dll
0x00007ffa47bd0000 - 0x00007ffa47dd5000 	C:\WINDOWS\SYSTEM32\LIBEAY32.dll
0x00007ffa5d5a0000 - 0x00007ffa5d5ef000 	C:\WINDOWS\SYSTEM32\libcurl.dll
0x00007ffa6d610000 - 0x00007ffa6d66e000 	C:\WINDOWS\System32\WLDAP32.dll
0x0000000021890000 - 0x0000000021af1000 	C:\WINDOWS\SYSTEM32\xerces-c_3_1.dll
0x0000000021b10000 - 0x0000000021c23000 	C:\WINDOWS\SYSTEM32\FreeImage.dll
0x0000000021c30000 - 0x0000000021d10000 	C:\WINDOWS\SYSTEM32\pteid-poppler.dll
0x0000000021d10000 - 0x0000000021dfa000 	C:\WINDOWS\SYSTEM32\xsec_1_7.dll
0x0000000021e00000 - 0x0000000021e39000 	C:\WINDOWS\SYSTEM32\pteidcardlayer.dll
0x00007ffa5fbf0000 - 0x00007ffa5fc30000 	C:\WINDOWS\SYSTEM32\WinSCard.dll
0x00007ffa69b70000 - 0x00007ffa69b97000 	C:\WINDOWS\SYSTEM32\DEVOBJ.dll
0x0000000021e70000 - 0x0000000021f50000 	C:\WINDOWS\SYSTEM32\pteidDlgsWin32.dll
0x00007ffa68ed0000 - 0x00007ffa68f25000 	C:\WINDOWS\SYSTEM32\WINSTA.dll
0x00007ffa63f10000 - 0x00007ffa63fee000 	C:\WINDOWS\SYSTEM32\winhttp.dll
0x00007ffa69380000 - 0x00007ffa693b9000 	C:\WINDOWS\SYSTEM32\IPHLPAPI.DLL
0x00007ffa6ba00000 - 0x00007ffa6ba08000 	C:\WINDOWS\System32\NSI.dll
0x00007ffa64920000 - 0x00007ffa64936000 	C:\WINDOWS\SYSTEM32\dhcpcsvc6.DLL
0x00007ffa64900000 - 0x00007ffa6491a000 	C:\WINDOWS\SYSTEM32\dhcpcsvc.DLL
0x00007ffa695f0000 - 0x00007ffa69656000 	C:\WINDOWS\system32\mswsock.dll
0x00007ffa693c0000 - 0x00007ffa69476000 	C:\WINDOWS\SYSTEM32\DNSAPI.dll
0x00007ffa645b0000 - 0x00007ffa645ba000 	C:\Windows\System32\rasadhlp.dll
0x00007ffa5e630000 - 0x00007ffa5e7f8000 	C:\WINDOWS\SYSTEM32\dbghelp.dll

VM Arguments:
jvm_args: -Dfile.encoding=UTF-8 
java_command: AppPackage.AuthenticityProjectMain
java_class_path (initial): C:\Users\João Saraiva\Documents\GitHub\ProjetoFinal\AuthenticityProjectOldVersion\libraries\pteidlibj.jar;C:\Users\João Saraiva\Documents\GitHub\ProjetoFinal\AuthenticityProjectOldVersion\libraries\bcprov-jdk15on-159.jar;C:\Users\João Saraiva\Documents\GitHub\ProjetoFinal\AuthenticityProjectOldVersion\build\classes
Launcher Type: SUN_STANDARD

Environment Variables:
CLASSPATH=C:\Program Files\Portugal Identity Card
PATH=C:\ProgramData\Oracle\Java\javapath;C:\WINDOWS\system32;C:\WINDOWS;C:\WINDOWS\System32\Wbem;C:\WINDOWS\System32\WindowsPowerShell\v1.0\;C:\Program Files\Portugal Identity Card;C:\Program Files (x86)\Java\jre1.8.0_161\bin;C:\Program Files\Microsoft VS Code\bin;C:\Users\João Saraiva\AppData\Local\Microsoft\WindowsApps;C:\Users\João Saraiva\AppData\Local\GitHubDesktop\bin
USERNAME=João Saraiva
OS=Windows_NT
PROCESSOR_IDENTIFIER=Intel64 Family 6 Model 60 Stepping 3, GenuineIntel



---------------  S Y S T E M  ---------------

OS: Windows 10.0 , 64 bit Build 16299 (10.0.16299.15)

CPU:total 8 (initial active 8) (4 cores per cpu, 2 threads per core) family 6 model 60 stepping 3, cmov, cx8, fxsr, mmx, sse, sse2, sse3, ssse3, sse4.1, sse4.2, popcnt, avx, avx2, aes, clmul, erms, lzcnt, ht, tsc, tscinvbit, bmi1, bmi2

Memory: 4k page, physical 16453392k(12399992k free), swap 18943760k(14415428k free)

vm_info: Java HotSpot(TM) 64-Bit Server VM (25.161-b12) for windows-amd64 JRE (1.8.0_161-b12), built on Dec 19 2017 17:52:25 by "java_re" with MS VC++ 10.0 (VS2010)

time: Fri Mar 02 00:22:36 2018
elapsed time: 2 seconds (0d 0h 0m 2s)

