#
# A fatal error has been detected by the Java Runtime Environment:
#
#  EXCEPTION_UNCAUGHT_CXX_EXCEPTION (0xe06d7363) at pc=0x00007ffa69e94008, pid=1008, tid=0x0000000000000340
#
# JRE version: Java(TM) SE Runtime Environment (8.0_161-b12) (build 1.8.0_161-b12)
# Java VM: Java HotSpot(TM) 64-Bit Server VM (25.161-b12 mixed mode windows-amd64 compressed oops)
# Problematic frame:
# C  [KERNELBASE.dll+0x14008]
#
# Failed to write core dump. Minidumps are not enabled by default on client versions of Windows
#
# If you would like to submit a bug report, please visit:
#   http://bugreport.java.com/bugreport/crash.jsp
# The crash happened outside the Java Virtual Machine in native code.
# See problematic frame for where to report the bug.
#

---------------  T H R E A D  ---------------

Current thread (0x0000000020980800):  JavaThread "JDWP Transport Listener: dt_shmem" daemon [_thread_in_native, id=832, stack(0x0000000021140000,0x0000000021240000)]

siginfo: ExceptionCode=0xe06d7363, ExceptionInformation=0x0000000019930520 0x000000002123f110 0x0000000180060840 0x0000000180000000 

Registers:
RAX=0x0000000000000005, RBX=0x0000000180060840, RCX=0x0000000000000005, RDX=0x0000000000000000
RSP=0x000000002123efa0, RBP=0x000000002123f0e0, RSI=0x0000000000000001, RDI=0x000000002123f110
R8 =0x0000000000000000, R9 =0x0000000000000000, R10=0x0000000003288018, R11=0x0000000003280150
R12=0x00000000032afc98, R13=0x00000000032afc50, R14=0x00000000032afc80, R15=0x0000000000000000
RIP=0x00007ffa69e94008, EFLAGS=0x0000000000000206

Top of Stack: (sp=0x000000002123efa0)
0x000000002123efa0:   0000000000000000 0000000180060840
0x000000002123efb0:   0000000000000001 000000002123f110
0x000000002123efc0:   00000001e06d7363 0000000000000000
0x000000002123efd0:   00007ffa69e94008 0000000000000004
0x000000002123efe0:   0000000019930520 000000002123f110
0x000000002123eff0:   0000000180060840 0000000180000000
0x000000002123f000:   00000000032afc98 000000002123f110
0x000000002123f010:   0000000000000001 000000002123f0f0
0x000000002123f020:   000000002123f0e0 00007ffa6da8c66f
0x000000002123f030:   00000000032afc50 00007ffa00000000
0x000000002123f040:   0000000000000001 0000000000000000
0x000000002123f050:   0000000180077000 0000000180000000
0x000000002123f060:   0000ff32277c488a 0000872eafe08fad
0x000000002123f070:   0000000180060840 00007ffa4d38ef63
0x000000002123f080:   00000000032afc50 00000000032afc98
0x000000002123f090:   000000002123f0f8 0000000000000001 

Instructions: (pc=0x00007ffa69e94008)
0x00007ffa69e93fe8:   49 8b d1 44 0f 47 c0 44 89 44 24 38 49 c1 e0 03
0x00007ffa69e93ff8:   e8 ca 16 07 00 48 8d 4c 24 20 ff 15 e8 4a 16 00
0x00007ffa69e94008:   48 8b 8c 24 c0 00 00 00 48 33 cc e8 a8 e6 06 00
0x00007ffa69e94018:   48 81 c4 d8 00 00 00 c3 83 64 24 38 00 eb d6 cc 


Register to memory mapping:

RAX=0x0000000000000005 is an unknown value
RBX=0x0000000180060840 is an unknown value
RCX=0x0000000000000005 is an unknown value
RDX=0x0000000000000000 is an unknown value
RSP=0x000000002123efa0 is pointing into the stack for thread: 0x0000000020980800
RBP=0x000000002123f0e0 is pointing into the stack for thread: 0x0000000020980800
RSI=0x0000000000000001 is an unknown value
RDI=0x000000002123f110 is pointing into the stack for thread: 0x0000000020980800
R8 =0x0000000000000000 is an unknown value
R9 =0x0000000000000000 is an unknown value
R10=0x0000000003288018 is an unknown value
R11=0x0000000003280150 is an unknown value
R12=0x00000000032afc98 is an unknown value
R13=0x00000000032afc50 is an unknown value
R14=0x00000000032afc80 is an unknown value
R15=0x0000000000000000 is an unknown value


Stack: [0x0000000021140000,0x0000000021240000],  sp=0x000000002123efa0,  free space=1019k
Native frames: (J=compiled Java code, j=interpreted, Vv=VM code, C=native code)
C  [KERNELBASE.dll+0x14008]
C  [MSVCR120.dll+0x5ef63]
C  [pteidlibj.dll+0x38b14]
C  [pteidlibj.dll+0x22be4]
C  [pteidlibj.dll+0x22e66]
C  [ntdll.dll+0x11493]
C  [ntdll.dll+0x406b5]
C  [ntdll.dll+0x40574]
C  [KERNEL32.DLL+0xf06a]
C  [msvcr100.dll+0x20ccd]
C  [jdwp.dll+0xc8b9]
C  [jdwp.dll+0xa2ea]
C  [jdwp.dll+0xf168]
C  [jdwp.dll+0x1f5b9]
C  [jdwp.dll+0x1f78e]
V  [jvm.dll+0x1bd7da]
V  [jvm.dll+0x24533f]
V  [jvm.dll+0x29cc4a]
C  [msvcr100.dll+0x21d9f]
C  [msvcr100.dll+0x21e3b]
C  [KERNEL32.DLL+0x11fe4]
C  [ntdll.dll+0x6efc1]


---------------  P R O C E S S  ---------------

Java Threads: ( => current thread )
  0x0000000020a4e800 JavaThread "Service Thread" daemon [_thread_blocked, id=3224, stack(0x0000000021840000,0x0000000021940000)]
  0x00000000209ab000 JavaThread "C1 CompilerThread3" daemon [_thread_blocked, id=660, stack(0x0000000021740000,0x0000000021840000)]
  0x00000000209a8000 JavaThread "C2 CompilerThread2" daemon [_thread_blocked, id=9972, stack(0x0000000021640000,0x0000000021740000)]
  0x00000000209a7800 JavaThread "C2 CompilerThread1" daemon [_thread_blocked, id=5668, stack(0x0000000021540000,0x0000000021640000)]
  0x00000000209a3000 JavaThread "C2 CompilerThread0" daemon [_thread_blocked, id=9380, stack(0x0000000021440000,0x0000000021540000)]
  0x000000002098d800 JavaThread "JDWP Event Helper Thread" daemon [_thread_blocked, id=1812, stack(0x0000000021240000,0x0000000021340000)]
=>0x0000000020980800 JavaThread "JDWP Transport Listener: dt_shmem" daemon [_thread_in_native, id=832, stack(0x0000000021140000,0x0000000021240000)]
  0x0000000020978800 JavaThread "Attach Listener" daemon [_thread_blocked, id=6856, stack(0x0000000021040000,0x0000000021140000)]
  0x000000001ea7e800 JavaThread "Signal Dispatcher" daemon [_thread_blocked, id=1112, stack(0x0000000020f40000,0x0000000021040000)]
  0x0000000020970800 JavaThread "Finalizer" daemon [_thread_blocked, id=8432, stack(0x0000000020d50000,0x0000000020e50000)]
  0x0000000005227800 JavaThread "Reference Handler" daemon [_thread_blocked, id=9360, stack(0x0000000020850000,0x0000000020950000)]
  0x0000000005132800 JavaThread "main" [_thread_blocked, id=8052, stack(0x0000000005030000,0x0000000005130000)]

Other Threads:
  0x000000001ea6a000 VMThread [stack: 0x0000000020750000,0x0000000020850000] [id=6468]
  0x0000000020a51000 WatcherThread [stack: 0x0000000021940000,0x0000000021a40000] [id=5808]

VM state:not at safepoint (normal execution)

VM Mutex/Monitor currently owned by a thread: None

Heap:
 PSYoungGen      total 75264K, used 6920K [0x000000076c500000, 0x0000000771900000, 0x00000007c0000000)
  eden space 64512K, 10% used [0x000000076c500000,0x000000076cbc23f0,0x0000000770400000)
  from space 10752K, 0% used [0x0000000770e80000,0x0000000770e80000,0x0000000771900000)
  to   space 10752K, 0% used [0x0000000770400000,0x0000000770400000,0x0000000770e80000)
 ParOldGen       total 172032K, used 0K [0x00000006c4e00000, 0x00000006cf600000, 0x000000076c500000)
  object space 172032K, 0% used [0x00000006c4e00000,0x00000006c4e00000,0x00000006cf600000)
 Metaspace       used 4673K, capacity 4888K, committed 5248K, reserved 1056768K
  class space    used 491K, capacity 528K, committed 640K, reserved 1048576K

Card table byte_map: [0x00000000145f0000,0x0000000014dd0000] byte_map_base: 0x0000000010fc9000

Marking Bits: (ParMarkBitMap*) 0x000000006a2cf860
 Begin Bits: [0x0000000015b10000, 0x00000000199d8000)
 End Bits:   [0x00000000199d8000, 0x000000001d8a0000)

Polling page: 0x0000000003250000

CodeCache: size=245760Kb used=1223Kb max_used=1223Kb free=244536Kb
 bounds [0x0000000005230000, 0x00000000054a0000, 0x0000000014230000]
 total_blobs=347 nmethods=63 adapters=205
 compilation: enabled

Compilation events (10 events):
Event: 84.217 Thread 0x00000000209ab000   58  s    3       sun.misc.URLClassPath::getNextLoader (88 bytes)
Event: 84.218 Thread 0x00000000209ab000 nmethod 58 0x000000000535e710 code [0x000000000535e900, 0x000000000535f1a8]
Event: 166.929 Thread 0x00000000209ab000   60       3       java.util.Arrays::copyOf (19 bytes)
Event: 166.930 Thread 0x00000000209ab000 nmethod 60 0x0000000005360310 code [0x0000000005360480, 0x00000000053607c8]
Event: 166.930 Thread 0x00000000209ab000   61       3       java.lang.String::indexOf (166 bytes)
Event: 166.931 Thread 0x00000000209ab000 nmethod 61 0x0000000005360910 code [0x0000000005360ac0, 0x0000000005361110]
Event: 234.673 Thread 0x00000000209ab000   62       3       sun.misc.MetaIndex::mayContain (51 bytes)
Event: 234.674 Thread 0x00000000209ab000 nmethod 62 0x0000000005361510 code [0x00000000053616c0, 0x0000000005361d58]
Event: 234.674 Thread 0x00000000209ab000   63       3       java.lang.String::indexOf (25 bytes)
Event: 234.674 Thread 0x00000000209ab000 nmethod 63 0x0000000005362010 code [0x0000000005362180, 0x0000000005362348]

GC Heap History (0 events):
No events

Deoptimization events (1 events):
Event: 0.083 Thread 0x0000000005132800 Uncommon trap: reason=unstable_if action=reinterpret pc=0x000000000534bd90 method=java.lang.String.equals(Ljava/lang/Object;)Z @ 2

Classes redefined (0 events):
No events

Internal exceptions (6 events):
Event: 0.028 Thread 0x0000000005132800 Exception <a 'java/lang/NoSuchMethodError': Method sun.misc.Unsafe.defineClass(Ljava/lang/String;[BII)Ljava/lang/Class; name or signature does not match> (0x000000076c507ca0) thrown at [C:\re\workspace\8-2-build-windows-amd64-cygwin\jdk8u161\10277\hotspot
Event: 0.028 Thread 0x0000000005132800 Exception <a 'java/lang/NoSuchMethodError': Method sun.misc.Unsafe.prefetchRead(Ljava/lang/Object;J)V name or signature does not match> (0x000000076c507f88) thrown at [C:\re\workspace\8-2-build-windows-amd64-cygwin\jdk8u161\10277\hotspot\src\share\vm\prim
Event: 90.633 Thread 0x0000000005132800 Exception <a 'java/security/PrivilegedActionException'> (0x000000076ca4e6e8) thrown at [C:\re\workspace\8-2-build-windows-amd64-cygwin\jdk8u161\10277\hotspot\src\share\vm\prims\jvm.cpp, line 1390]
Event: 90.634 Thread 0x0000000005132800 Exception <a 'java/security/PrivilegedActionException'> (0x000000076ca4eae0) thrown at [C:\re\workspace\8-2-build-windows-amd64-cygwin\jdk8u161\10277\hotspot\src\share\vm\prims\jvm.cpp, line 1390]
Event: 90.665 Thread 0x0000000005132800 Exception <a 'java/security/PrivilegedActionException'> (0x000000076ca52bd8) thrown at [C:\re\workspace\8-2-build-windows-amd64-cygwin\jdk8u161\10277\hotspot\src\share\vm\prims\jvm.cpp, line 1390]
Event: 90.665 Thread 0x0000000005132800 Exception <a 'java/security/PrivilegedActionException'> (0x000000076ca52fd0) thrown at [C:\re\workspace\8-2-build-windows-amd64-cygwin\jdk8u161\10277\hotspot\src\share\vm\prims\jvm.cpp, line 1390]

Events (10 events):
Event: 234.675 Executing VM operation: GetOwnedMonitorInfo done
Event: 240.474 Executing VM operation: GetOrSetLocal
Event: 240.474 Executing VM operation: GetOrSetLocal done
Event: 240.490 loading class X509Certificate
Event: 240.490 loading class X509Certificate done
Event: 240.493 Executing VM operation: GetCurrentContendedMonitor
Event: 240.494 Executing VM operation: GetCurrentContendedMonitor done
Event: 240.494 Executing VM operation: GetOwnedMonitorInfo
Event: 240.494 Executing VM operation: GetOwnedMonitorInfo done
Event: 241.736 Thread 0x0000000020991000 Thread exited: 0x0000000020991000


Dynamic libraries:
0x00007ff610d50000 - 0x00007ff610d87000 	C:\Program Files\Java\jdk1.8.0_161\bin\java.exe
0x00007ffa6da10000 - 0x00007ffa6dbf0000 	C:\WINDOWS\SYSTEM32\ntdll.dll
0x00007ffa6b700000 - 0x00007ffa6b7ae000 	C:\WINDOWS\System32\KERNEL32.DLL
0x00007ffa69e80000 - 0x00007ffa6a0e6000 	C:\WINDOWS\System32\KERNELBASE.dll
0x00007ffa6d560000 - 0x00007ffa6d601000 	C:\WINDOWS\System32\ADVAPI32.dll
0x00007ffa6b120000 - 0x00007ffa6b1bd000 	C:\WINDOWS\System32\msvcrt.dll
0x00007ffa6b9a0000 - 0x00007ffa6b9fb000 	C:\WINDOWS\System32\sechost.dll
0x00007ffa6d670000 - 0x00007ffa6d78f000 	C:\WINDOWS\System32\RPCRT4.dll
0x00007ffa6cf70000 - 0x00007ffa6d0ff000 	C:\WINDOWS\System32\USER32.dll
0x00007ffa69e10000 - 0x00007ffa69e30000 	C:\WINDOWS\System32\win32u.dll
0x00007ffa6b7b0000 - 0x00007ffa6b7d8000 	C:\WINDOWS\System32\GDI32.dll
0x00007ffa6ad40000 - 0x00007ffa6aed3000 	C:\WINDOWS\System32\gdi32full.dll
0x00007ffa6aca0000 - 0x00007ffa6ad3b000 	C:\WINDOWS\System32\msvcp_win.dll
0x00007ffa6a450000 - 0x00007ffa6a546000 	C:\WINDOWS\System32\ucrtbase.dll
0x00007ffa56160000 - 0x00007ffa563c9000 	C:\WINDOWS\WinSxS\amd64_microsoft.windows.common-controls_6595b64144ccf1df_6.0.16299.248_none_15ced204935f55d7\COMCTL32.dll
0x00007ffa6b1c0000 - 0x00007ffa6b4c8000 	C:\WINDOWS\System32\combase.dll
0x00007ffa6a150000 - 0x00007ffa6a1c2000 	C:\WINDOWS\System32\bcryptPrimitives.dll
0x00007ffa6b5d0000 - 0x00007ffa6b5fd000 	C:\WINDOWS\System32\IMM32.DLL
0x00000000699d0000 - 0x0000000069aa2000 	C:\Program Files\Java\jdk1.8.0_161\jre\bin\msvcr100.dll
0x0000000069ab0000 - 0x000000006a34f000 	C:\Program Files\Java\jdk1.8.0_161\jre\bin\server\jvm.dll
0x00007ffa6bb20000 - 0x00007ffa6bb28000 	C:\WINDOWS\System32\PSAPI.DLL
0x00007ffa602c0000 - 0x00007ffa602ca000 	C:\WINDOWS\SYSTEM32\VERSION.dll
0x00007ffa603f0000 - 0x00007ffa603f9000 	C:\WINDOWS\SYSTEM32\WSOCK32.dll
0x00007ffa673f0000 - 0x00007ffa67413000 	C:\WINDOWS\SYSTEM32\WINMM.dll
0x00007ffa6b7e0000 - 0x00007ffa6b84c000 	C:\WINDOWS\System32\WS2_32.dll
0x00007ffa66f90000 - 0x00007ffa66fba000 	C:\WINDOWS\SYSTEM32\WINMMBASE.dll
0x00007ffa69e30000 - 0x00007ffa69e7a000 	C:\WINDOWS\System32\cfgmgr32.dll
0x0000000069980000 - 0x000000006998f000 	C:\Program Files\Java\jdk1.8.0_161\jre\bin\verify.dll
0x0000000069950000 - 0x0000000069979000 	C:\Program Files\Java\jdk1.8.0_161\jre\bin\java.dll
0x0000000069620000 - 0x0000000069655000 	C:\Program Files\Java\jdk1.8.0_161\jre\bin\jdwp.dll
0x0000000069610000 - 0x0000000069618000 	C:\Program Files\Java\jdk1.8.0_161\jre\bin\npt.dll
0x0000000069930000 - 0x0000000069946000 	C:\Program Files\Java\jdk1.8.0_161\jre\bin\zip.dll
0x00007ffa6bb30000 - 0x00007ffa6cf66000 	C:\WINDOWS\System32\SHELL32.dll
0x00007ffa6d790000 - 0x00007ffa6d836000 	C:\WINDOWS\System32\shcore.dll
0x00007ffa6a550000 - 0x00007ffa6ac97000 	C:\WINDOWS\System32\windows.storage.dll
0x00007ffa6b6a0000 - 0x00007ffa6b6f1000 	C:\WINDOWS\System32\shlwapi.dll
0x00007ffa69df0000 - 0x00007ffa69e01000 	C:\WINDOWS\System32\kernel.appcore.dll
0x00007ffa69da0000 - 0x00007ffa69dec000 	C:\WINDOWS\System32\powrprof.dll
0x00007ffa69d60000 - 0x00007ffa69d7b000 	C:\WINDOWS\System32\profapi.dll
0x0000000069660000 - 0x000000006966b000 	C:\Program Files\Java\jdk1.8.0_161\jre\bin\dt_shmem.dll
0x0000000180000000 - 0x000000018007f000 	C:\Windows\System32\pteidlibj.dll
0x00007ffa4d330000 - 0x00007ffa4d41f000 	C:\WINDOWS\SYSTEM32\MSVCR120.dll
0x00007ffa4d280000 - 0x00007ffa4d326000 	C:\WINDOWS\SYSTEM32\MSVCP120.dll
0x0000000004fd0000 - 0x0000000004ff3000 	C:\WINDOWS\SYSTEM32\pteidcommon.dll
0x0000000021a40000 - 0x0000000021abb000 	C:\WINDOWS\SYSTEM32\pteidapplayer.dll
0x00007ffa6a280000 - 0x00007ffa6a44e000 	C:\WINDOWS\System32\CRYPT32.dll
0x00007ffa69d80000 - 0x00007ffa69d92000 	C:\WINDOWS\System32\MSASN1.dll
0x00007ffa4d070000 - 0x00007ffa4d275000 	C:\WINDOWS\SYSTEM32\LIBEAY32.dll
0x00007ffa4d010000 - 0x00007ffa4d06a000 	C:\WINDOWS\SYSTEM32\SSLEAY32.dll
0x00007ffa534e0000 - 0x00007ffa5352f000 	C:\WINDOWS\SYSTEM32\libcurl.dll
0x00007ffa6d610000 - 0x00007ffa6d66e000 	C:\WINDOWS\System32\WLDAP32.dll
0x0000000021bb0000 - 0x0000000021e11000 	C:\WINDOWS\SYSTEM32\xerces-c_3_1.dll
0x0000000021e20000 - 0x0000000021f00000 	C:\WINDOWS\SYSTEM32\pteid-poppler.dll
0x0000000021f00000 - 0x0000000022013000 	C:\WINDOWS\SYSTEM32\FreeImage.dll
0x0000000022020000 - 0x000000002210a000 	C:\WINDOWS\SYSTEM32\xsec_1_7.dll
0x0000000021ae0000 - 0x0000000021b19000 	C:\WINDOWS\SYSTEM32\pteidcardlayer.dll
0x00007ffa5fbf0000 - 0x00007ffa5fc30000 	C:\WINDOWS\SYSTEM32\WinSCard.dll
0x00007ffa69b70000 - 0x00007ffa69b97000 	C:\WINDOWS\SYSTEM32\DEVOBJ.dll
0x0000000022110000 - 0x00000000221f0000 	C:\WINDOWS\SYSTEM32\pteidDlgsWin32.dll
0x00007ffa68ed0000 - 0x00007ffa68f25000 	C:\WINDOWS\SYSTEM32\WINSTA.dll
0x00007ffa69380000 - 0x00007ffa693b9000 	C:\WINDOWS\SYSTEM32\IPHLPAPI.DLL
0x00007ffa6ba00000 - 0x00007ffa6ba08000 	C:\WINDOWS\System32\NSI.dll
0x00007ffa64920000 - 0x00007ffa64936000 	C:\WINDOWS\SYSTEM32\dhcpcsvc6.DLL
0x00007ffa64900000 - 0x00007ffa6491a000 	C:\WINDOWS\SYSTEM32\dhcpcsvc.DLL
0x00007ffa695f0000 - 0x00007ffa69656000 	C:\WINDOWS\system32\mswsock.dll
0x00007ffa693c0000 - 0x00007ffa69476000 	C:\WINDOWS\SYSTEM32\DNSAPI.dll
0x00007ffa645b0000 - 0x00007ffa645ba000 	C:\Windows\System32\rasadhlp.dll
0x00007ffa5e630000 - 0x00007ffa5e7f8000 	C:\WINDOWS\SYSTEM32\dbghelp.dll

VM Arguments:
jvm_args: -Xdebug -Xrunjdwp:transport=dt_shmem,address=javadebug -Dfile.encoding=UTF-8 
java_command: AppPackage.AuthenticityProjectMain
java_class_path (initial): C:\Users\João Saraiva\Documents\GitHub\ProjetoFinal\AuthenticityProjectOldVersion\libraries\pteidlibj.jar;C:\Users\João Saraiva\Documents\GitHub\ProjetoFinal\AuthenticityProjectOldVersion\libraries\bcprov-jdk15on-159.jar;C:\Users\João Saraiva\Documents\GitHub\ProjetoFinal\AuthenticityProjectOldVersion\build\classes
Launcher Type: SUN_STANDARD

Environment Variables:
CLASSPATH=C:\Program Files\Portugal Identity Card
PATH=C:\ProgramData\Oracle\Java\javapath;C:\WINDOWS\system32;C:\WINDOWS;C:\WINDOWS\System32\Wbem;C:\WINDOWS\System32\WindowsPowerShell\v1.0\;C:\Program Files\Portugal Identity Card;C:\Program Files (x86)\Java\jre1.8.0_161\bin;C:\Program Files\Microsoft VS Code\bin;C:\Users\João Saraiva\AppData\Local\Microsoft\WindowsApps;C:\Users\João Saraiva\AppData\Local\GitHubDesktop\bin
USERNAME=João Saraiva
OS=Windows_NT
PROCESSOR_IDENTIFIER=Intel64 Family 6 Model 60 Stepping 3, GenuineIntel



---------------  S Y S T E M  ---------------

OS: Windows 10.0 , 64 bit Build 16299 (10.0.16299.15)

CPU:total 8 (initial active 8) (4 cores per cpu, 2 threads per core) family 6 model 60 stepping 3, cmov, cx8, fxsr, mmx, sse, sse2, sse3, ssse3, sse4.1, sse4.2, popcnt, avx, avx2, aes, clmul, erms, lzcnt, ht, tsc, tscinvbit, bmi1, bmi2

Memory: 4k page, physical 16453392k(11966052k free), swap 18943760k(13913248k free)

vm_info: Java HotSpot(TM) 64-Bit Server VM (25.161-b12) for windows-amd64 JRE (1.8.0_161-b12), built on Dec 19 2017 17:52:25 by "java_re" with MS VC++ 10.0 (VS2010)

time: Fri Mar 02 16:53:05 2018
elapsed time: 241 seconds (0d 0h 4m 1s)

